CRITICAL - 2023-12-05 01:51:51 --> Call to undefined function trans()
in APPPATH\Views\customer\list.php on line 27.
 1 SYSTEMPATH\View\View.php(228): include()
 2 SYSTEMPATH\View\View.php(231): CodeIgniter\View\View->CodeIgniter\View\{closure}()
 3 SYSTEMPATH\Common.php(1190): CodeIgniter\View\View->render('customer/list', [], true)
 4 APPPATH\Controllers\CustomerController.php(9): view('customer/list')
 5 SYSTEMPATH\CodeIgniter.php(942): App\Controllers\CustomerController->index()
 6 SYSTEMPATH\CodeIgniter.php(502): CodeIgniter\CodeIgniter->runController(Object(App\Controllers\CustomerController))
 7 SYSTEMPATH\CodeIgniter.php(361): CodeIgniter\CodeIgniter->handleRequest(null, Object(Config\Cache), false)
 8 FCPATH\index.php(79): CodeIgniter\CodeIgniter->run()
 9 SYSTEMPATH\Commands\Server\rewrite.php(47): require_once('C:\\wamp64_2\\www\\generique_development\\public\\index.php')
CRITICAL - 2023-12-05 01:59:11 --> Undefined variable $senarai_pejabat
in APPPATH\Views\customer\list.php on line 79.
 1 APPPATH\Views\customer\list.php(79): CodeIgniter\Debug\Exceptions->errorHandler(2, 'Undefined variable $senarai_pejabat', 'C:\\wamp64_2\\www\\generique_development\\app\\Views\\customer\\list.php', 79)
 2 SYSTEMPATH\View\View.php(228): include('C:\\wamp64_2\\www\\generique_development\\app\\Views\\customer\\list.php')
 3 SYSTEMPATH\View\View.php(231): CodeIgniter\View\View->CodeIgniter\View\{closure}()
 4 SYSTEMPATH\Common.php(1190): CodeIgniter\View\View->render('customer/list', [], true)
 5 APPPATH\Controllers\CustomerController.php(9): view('customer/list')
 6 SYSTEMPATH\CodeIgniter.php(942): App\Controllers\CustomerController->index()
 7 SYSTEMPATH\CodeIgniter.php(502): CodeIgniter\CodeIgniter->runController(Object(App\Controllers\CustomerController))
 8 SYSTEMPATH\CodeIgniter.php(361): CodeIgniter\CodeIgniter->handleRequest(null, Object(Config\Cache), false)
 9 FCPATH\index.php(79): CodeIgniter\CodeIgniter->run()
10 SYSTEMPATH\Commands\Server\rewrite.php(47): require_once('C:\\wamp64_2\\www\\generique_development\\public\\index.php')
CRITICAL - 2023-12-05 02:01:29 --> Undefined variable $senarai_pejabat
in APPPATH\Views\customer\list.php on line 79.
 1 APPPATH\Views\customer\list.php(79): CodeIgniter\Debug\Exceptions->errorHandler(2, 'Undefined variable $senarai_pejabat', 'C:\\wamp64_2\\www\\generique_development\\app\\Views\\customer\\list.php', 79)
 2 SYSTEMPATH\View\View.php(228): include('C:\\wamp64_2\\www\\generique_development\\app\\Views\\customer\\list.php')
 3 SYSTEMPATH\View\View.php(231): CodeIgniter\View\View->CodeIgniter\View\{closure}()
 4 SYSTEMPATH\Common.php(1190): CodeIgniter\View\View->render('customer/list', [], true)
 5 APPPATH\Controllers\CustomerController.php(9): view('customer/list')
 6 SYSTEMPATH\CodeIgniter.php(942): App\Controllers\CustomerController->index()
 7 SYSTEMPATH\CodeIgniter.php(502): CodeIgniter\CodeIgniter->runController(Object(App\Controllers\CustomerController))
 8 SYSTEMPATH\CodeIgniter.php(361): CodeIgniter\CodeIgniter->handleRequest(null, Object(Config\Cache), false)
 9 FCPATH\index.php(79): CodeIgniter\CodeIgniter->run()
10 SYSTEMPATH\Commands\Server\rewrite.php(47): require_once('C:\\wamp64_2\\www\\generique_development\\public\\index.php')
CRITICAL - 2023-12-05 02:01:31 --> Undefined variable $senarai_pejabat
in APPPATH\Views\customer\list.php on line 79.
 1 APPPATH\Views\customer\list.php(79): CodeIgniter\Debug\Exceptions->errorHandler(2, 'Undefined variable $senarai_pejabat', 'C:\\wamp64_2\\www\\generique_development\\app\\Views\\customer\\list.php', 79)
 2 SYSTEMPATH\View\View.php(228): include('C:\\wamp64_2\\www\\generique_development\\app\\Views\\customer\\list.php')
 3 SYSTEMPATH\View\View.php(231): CodeIgniter\View\View->CodeIgniter\View\{closure}()
 4 SYSTEMPATH\Common.php(1190): CodeIgniter\View\View->render('customer/list', [], true)
 5 APPPATH\Controllers\CustomerController.php(9): view('customer/list')
 6 SYSTEMPATH\CodeIgniter.php(942): App\Controllers\CustomerController->index()
 7 SYSTEMPATH\CodeIgniter.php(502): CodeIgniter\CodeIgniter->runController(Object(App\Controllers\CustomerController))
 8 SYSTEMPATH\CodeIgniter.php(361): CodeIgniter\CodeIgniter->handleRequest(null, Object(Config\Cache), false)
 9 FCPATH\index.php(79): CodeIgniter\CodeIgniter->run()
10 SYSTEMPATH\Commands\Server\rewrite.php(47): require_once('C:\\wamp64_2\\www\\generique_development\\public\\index.php')
