INFO - 2023-12-07 01:09:02 --> Session: Class initialized using 'CodeIgniter\Session\Handlers\FileHandler' driver.
INFO - 2023-12-07 01:09:25 --> Session: Class initialized using 'CodeIgniter\Session\Handlers\FileHandler' driver.
INFO - 2023-12-07 01:10:42 --> Session: Class initialized using 'CodeIgniter\Session\Handlers\FileHandler' driver.
INFO - 2023-12-07 01:11:03 --> Session: Class initialized using 'CodeIgniter\Session\Handlers\FileHandler' driver.
INFO - 2023-12-07 01:11:41 --> Session: Class initialized using 'CodeIgniter\Session\Handlers\FileHandler' driver.
INFO - 2023-12-07 01:18:44 --> Session: Class initialized using 'CodeIgniter\Session\Handlers\FileHandler' driver.
INFO - 2023-12-07 01:20:57 --> Session: Class initialized using 'CodeIgniter\Session\Handlers\FileHandler' driver.
INFO - 2023-12-07 01:21:17 --> Session: Class initialized using 'CodeIgniter\Session\Handlers\FileHandler' driver.
INFO - 2023-12-07 03:48:21 --> Session: Class initialized using 'CodeIgniter\Session\Handlers\FileHandler' driver.
INFO - 2023-12-07 03:48:23 --> Session: Class initialized using 'CodeIgniter\Session\Handlers\FileHandler' driver.
INFO - 2023-12-07 04:00:54 --> Session: Class initialized using 'CodeIgniter\Session\Handlers\FileHandler' driver.
INFO - 2023-12-07 04:02:58 --> Session: Class initialized using 'CodeIgniter\Session\Handlers\FileHandler' driver.
INFO - 2023-12-07 04:03:18 --> Session: Class initialized using 'CodeIgniter\Session\Handlers\FileHandler' driver.
INFO - 2023-12-07 04:05:20 --> Session: Class initialized using 'CodeIgniter\Session\Handlers\FileHandler' driver.
INFO - 2023-12-07 04:05:36 --> Session: Class initialized using 'CodeIgniter\Session\Handlers\FileHandler' driver.
INFO - 2023-12-07 04:06:36 --> Session: Class initialized using 'CodeIgniter\Session\Handlers\FileHandler' driver.
INFO - 2023-12-07 04:09:23 --> Session: Class initialized using 'CodeIgniter\Session\Handlers\FileHandler' driver.
INFO - 2023-12-07 04:09:54 --> Session: Class initialized using 'CodeIgniter\Session\Handlers\FileHandler' driver.
INFO - 2023-12-07 04:11:35 --> Session: Class initialized using 'CodeIgniter\Session\Handlers\FileHandler' driver.
INFO - 2023-12-07 04:11:56 --> Session: Class initialized using 'CodeIgniter\Session\Handlers\FileHandler' driver.
INFO - 2023-12-07 04:14:32 --> Session: Class initialized using 'CodeIgniter\Session\Handlers\FileHandler' driver.
INFO - 2023-12-07 04:14:59 --> Session: Class initialized using 'CodeIgniter\Session\Handlers\FileHandler' driver.
INFO - 2023-12-07 04:15:58 --> Session: Class initialized using 'CodeIgniter\Session\Handlers\FileHandler' driver.
INFO - 2023-12-07 04:16:21 --> Session: Class initialized using 'CodeIgniter\Session\Handlers\FileHandler' driver.
INFO - 2023-12-07 04:16:27 --> Session: Class initialized using 'CodeIgniter\Session\Handlers\FileHandler' driver.
INFO - 2023-12-07 04:16:47 --> Session: Class initialized using 'CodeIgniter\Session\Handlers\FileHandler' driver.
INFO - 2023-12-07 04:17:52 --> Session: Class initialized using 'CodeIgniter\Session\Handlers\FileHandler' driver.
INFO - 2023-12-07 04:18:08 --> Session: Class initialized using 'CodeIgniter\Session\Handlers\FileHandler' driver.
INFO - 2023-12-07 04:19:27 --> Session: Class initialized using 'CodeIgniter\Session\Handlers\FileHandler' driver.
INFO - 2023-12-07 04:19:41 --> Session: Class initialized using 'CodeIgniter\Session\Handlers\FileHandler' driver.
INFO - 2023-12-07 04:19:47 --> Session: Class initialized using 'CodeIgniter\Session\Handlers\FileHandler' driver.
INFO - 2023-12-07 04:25:25 --> Session: Class initialized using 'CodeIgniter\Session\Handlers\FileHandler' driver.
INFO - 2023-12-07 04:25:45 --> Session: Class initialized using 'CodeIgniter\Session\Handlers\FileHandler' driver.
INFO - 2023-12-07 04:25:46 --> Session: Class initialized using 'CodeIgniter\Session\Handlers\FileHandler' driver.
INFO - 2023-12-07 04:35:05 --> Session: Class initialized using 'CodeIgniter\Session\Handlers\FileHandler' driver.
INFO - 2023-12-07 04:35:58 --> Session: Class initialized using 'CodeIgniter\Session\Handlers\FileHandler' driver.
INFO - 2023-12-07 04:41:53 --> Session: Class initialized using 'CodeIgniter\Session\Handlers\FileHandler' driver.
INFO - 2023-12-07 04:42:11 --> Session: Class initialized using 'CodeIgniter\Session\Handlers\FileHandler' driver.
INFO - 2023-12-07 04:43:00 --> Session: Class initialized using 'CodeIgniter\Session\Handlers\FileHandler' driver.
INFO - 2023-12-07 04:43:18 --> Session: Class initialized using 'CodeIgniter\Session\Handlers\FileHandler' driver.
INFO - 2023-12-07 04:44:29 --> Session: Class initialized using 'CodeIgniter\Session\Handlers\FileHandler' driver.
INFO - 2023-12-07 04:44:47 --> Session: Class initialized using 'CodeIgniter\Session\Handlers\FileHandler' driver.
INFO - 2023-12-07 04:45:09 --> Session: Class initialized using 'CodeIgniter\Session\Handlers\FileHandler' driver.
INFO - 2023-12-07 04:46:05 --> Session: Class initialized using 'CodeIgniter\Session\Handlers\FileHandler' driver.
INFO - 2023-12-07 04:46:27 --> Session: Class initialized using 'CodeIgniter\Session\Handlers\FileHandler' driver.
INFO - 2023-12-07 05:58:54 --> Session: Class initialized using 'CodeIgniter\Session\Handlers\FileHandler' driver.
INFO - 2023-12-07 05:59:11 --> Session: Class initialized using 'CodeIgniter\Session\Handlers\FileHandler' driver.
INFO - 2023-12-07 05:59:11 --> Session: Class initialized using 'CodeIgniter\Session\Handlers\FileHandler' driver.
INFO - 2023-12-07 06:04:27 --> Session: Class initialized using 'CodeIgniter\Session\Handlers\FileHandler' driver.
CRITICAL - 2023-12-07 06:39:32 --> syntax error, unexpected token "=>", expecting ")"
in APPPATH\Controllers\CustomerController.php on line 45.
 1 SYSTEMPATH\Autoloader\Autoloader.php(291): CodeIgniter\Autoloader\Autoloader->includeFile('C:\\wamp64_2\\www\\generique\\app\\Controllers\\CustomerController.php')
 2 SYSTEMPATH\Autoloader\Autoloader.php(269): CodeIgniter\Autoloader\Autoloader->loadInNamespace('App\\Controllers\\CustomerController')
 3 [internal function]: CodeIgniter\Autoloader\Autoloader->loadClass('App\\Controllers\\CustomerController')
 4 SYSTEMPATH\CodeIgniter.php(900): class_exists('\\App\\Controllers\\CustomerController', true)
 5 SYSTEMPATH\CodeIgniter.php(489): CodeIgniter\CodeIgniter->startController()
 6 SYSTEMPATH\CodeIgniter.php(361): CodeIgniter\CodeIgniter->handleRequest(null, Object(Config\Cache), false)
 7 FCPATH\index.php(79): CodeIgniter\CodeIgniter->run()
 8 SYSTEMPATH\Commands\Server\rewrite.php(47): require_once('C:\\wamp64_2\\www\\generique\\public\\index.php')
INFO - 2023-12-07 06:40:33 --> Session: Class initialized using 'CodeIgniter\Session\Handlers\FileHandler' driver.
INFO - 2023-12-07 06:40:35 --> Session: Class initialized using 'CodeIgniter\Session\Handlers\FileHandler' driver.
INFO - 2023-12-07 06:40:44 --> Session: Class initialized using 'CodeIgniter\Session\Handlers\FileHandler' driver.
WARNING - 2023-12-07 06:56:29 --> [DEPRECATED] Creation of dynamic property App\Controllers\CustomerController::$CustomerModel is deprecated in APPPATH\Controllers\CustomerController.php on line 12.
 1 SYSTEMPATH\CodeIgniter.php(914): App\Controllers\CustomerController->__construct()
 2 SYSTEMPATH\CodeIgniter.php(493): CodeIgniter\CodeIgniter->createController()
 3 SYSTEMPATH\CodeIgniter.php(361): CodeIgniter\CodeIgniter->handleRequest(null, Object(Config\Cache), false)
 4 FCPATH\index.php(79): CodeIgniter\CodeIgniter->run()
 5 SYSTEMPATH\Commands\Server\rewrite.php(47): require_once('C:\\wamp64_2\\www\\generique\\public\\index.php')
INFO - 2023-12-07 06:56:30 --> Session: Class initialized using 'CodeIgniter\Session\Handlers\FileHandler' driver.
WARNING - 2023-12-07 06:56:31 --> [DEPRECATED] Creation of dynamic property App\Controllers\CustomerController::$CustomerModel is deprecated in APPPATH\Controllers\CustomerController.php on line 12.
 1 SYSTEMPATH\CodeIgniter.php(914): App\Controllers\CustomerController->__construct()
 2 SYSTEMPATH\CodeIgniter.php(493): CodeIgniter\CodeIgniter->createController()
 3 SYSTEMPATH\CodeIgniter.php(361): CodeIgniter\CodeIgniter->handleRequest(null, Object(Config\Cache), false)
 4 FCPATH\index.php(79): CodeIgniter\CodeIgniter->run()
 5 SYSTEMPATH\Commands\Server\rewrite.php(47): require_once('C:\\wamp64_2\\www\\generique\\public\\index.php')
INFO - 2023-12-07 06:56:31 --> Session: Class initialized using 'CodeIgniter\Session\Handlers\FileHandler' driver.
WARNING - 2023-12-07 07:40:56 --> [DEPRECATED] Creation of dynamic property App\Controllers\CustomerController::$CustomerModel is deprecated in APPPATH\Controllers\CustomerController.php on line 12.
 1 SYSTEMPATH\CodeIgniter.php(914): App\Controllers\CustomerController->__construct()
 2 SYSTEMPATH\CodeIgniter.php(493): CodeIgniter\CodeIgniter->createController()
 3 SYSTEMPATH\CodeIgniter.php(361): CodeIgniter\CodeIgniter->handleRequest(null, Object(Config\Cache), false)
 4 FCPATH\index.php(79): CodeIgniter\CodeIgniter->run()
 5 SYSTEMPATH\Commands\Server\rewrite.php(47): require_once('C:\\wamp64_2\\www\\generique\\public\\index.php')
INFO - 2023-12-07 07:40:56 --> Session: Class initialized using 'CodeIgniter\Session\Handlers\FileHandler' driver.
WARNING - 2023-12-07 07:41:18 --> [DEPRECATED] Creation of dynamic property App\Controllers\CustomerController::$CustomerModel is deprecated in APPPATH\Controllers\CustomerController.php on line 12.
 1 SYSTEMPATH\CodeIgniter.php(914): App\Controllers\CustomerController->__construct()
 2 SYSTEMPATH\CodeIgniter.php(493): CodeIgniter\CodeIgniter->createController()
 3 SYSTEMPATH\CodeIgniter.php(361): CodeIgniter\CodeIgniter->handleRequest(null, Object(Config\Cache), false)
 4 FCPATH\index.php(79): CodeIgniter\CodeIgniter->run()
 5 SYSTEMPATH\Commands\Server\rewrite.php(47): require_once('C:\\wamp64_2\\www\\generique\\public\\index.php')
INFO - 2023-12-07 07:41:18 --> Session: Class initialized using 'CodeIgniter\Session\Handlers\FileHandler' driver.
WARNING - 2023-12-07 07:58:56 --> [DEPRECATED] Creation of dynamic property App\Controllers\CustomerController::$CustomerModel is deprecated in APPPATH\Controllers\CustomerController.php on line 12.
 1 SYSTEMPATH\CodeIgniter.php(914): App\Controllers\CustomerController->__construct()
 2 SYSTEMPATH\CodeIgniter.php(493): CodeIgniter\CodeIgniter->createController()
 3 SYSTEMPATH\CodeIgniter.php(361): CodeIgniter\CodeIgniter->handleRequest(null, Object(Config\Cache), false)
 4 FCPATH\index.php(79): CodeIgniter\CodeIgniter->run()
 5 SYSTEMPATH\Commands\Server\rewrite.php(47): require_once('C:\\wamp64_2\\www\\generique\\public\\index.php')
INFO - 2023-12-07 07:58:56 --> Session: Class initialized using 'CodeIgniter\Session\Handlers\FileHandler' driver.
WARNING - 2023-12-07 08:44:16 --> [DEPRECATED] Creation of dynamic property App\Controllers\CustomerController::$CustomerModel is deprecated in APPPATH\Controllers\CustomerController.php on line 12.
 1 SYSTEMPATH\CodeIgniter.php(914): App\Controllers\CustomerController->__construct()
 2 SYSTEMPATH\CodeIgniter.php(493): CodeIgniter\CodeIgniter->createController()
 3 SYSTEMPATH\CodeIgniter.php(361): CodeIgniter\CodeIgniter->handleRequest(null, Object(Config\Cache), false)
 4 FCPATH\index.php(79): CodeIgniter\CodeIgniter->run()
 5 SYSTEMPATH\Commands\Server\rewrite.php(47): require_once('C:\\wamp64_2\\www\\generique\\public\\index.php')
INFO - 2023-12-07 08:44:17 --> Session: Class initialized using 'CodeIgniter\Session\Handlers\FileHandler' driver.
CRITICAL - 2023-12-07 08:44:17 --> Call to undefined method CodeIgniter\Pager\Pager::link()
in APPPATH\Views\customer\list.php on line 69.
 1 SYSTEMPATH\View\View.php(228): include()
 2 SYSTEMPATH\View\View.php(231): CodeIgniter\View\View->CodeIgniter\View\{closure}()
 3 SYSTEMPATH\Common.php(1190): CodeIgniter\View\View->render('customer/list', [], true)
 4 APPPATH\Controllers\CustomerController.php(22): view('customer/list', [...])
 5 SYSTEMPATH\CodeIgniter.php(942): App\Controllers\CustomerController->index()
 6 SYSTEMPATH\CodeIgniter.php(502): CodeIgniter\CodeIgniter->runController(Object(App\Controllers\CustomerController))
 7 SYSTEMPATH\CodeIgniter.php(361): CodeIgniter\CodeIgniter->handleRequest(null, Object(Config\Cache), false)
 8 FCPATH\index.php(79): CodeIgniter\CodeIgniter->run()
 9 SYSTEMPATH\Commands\Server\rewrite.php(47): require_once('C:\\wamp64_2\\www\\generique\\public\\index.php')
WARNING - 2023-12-07 08:56:41 --> [DEPRECATED] Creation of dynamic property App\Controllers\CustomerController::$customer is deprecated in APPPATH\Controllers\CustomerController.php on line 12.
 1 SYSTEMPATH\CodeIgniter.php(914): App\Controllers\CustomerController->__construct()
 2 SYSTEMPATH\CodeIgniter.php(493): CodeIgniter\CodeIgniter->createController()
 3 SYSTEMPATH\CodeIgniter.php(361): CodeIgniter\CodeIgniter->handleRequest(null, Object(Config\Cache), false)
 4 FCPATH\index.php(79): CodeIgniter\CodeIgniter->run()
 5 SYSTEMPATH\Commands\Server\rewrite.php(47): require_once('C:\\wamp64_2\\www\\generique\\public\\index.php')
INFO - 2023-12-07 08:56:41 --> Session: Class initialized using 'CodeIgniter\Session\Handlers\FileHandler' driver.
WARNING - 2023-12-07 09:03:12 --> [DEPRECATED] Creation of dynamic property App\Controllers\CustomerController::$customer is deprecated in APPPATH\Controllers\CustomerController.php on line 12.
 1 SYSTEMPATH\CodeIgniter.php(914): App\Controllers\CustomerController->__construct()
 2 SYSTEMPATH\CodeIgniter.php(493): CodeIgniter\CodeIgniter->createController()
 3 SYSTEMPATH\CodeIgniter.php(361): CodeIgniter\CodeIgniter->handleRequest(null, Object(Config\Cache), false)
 4 FCPATH\index.php(79): CodeIgniter\CodeIgniter->run()
 5 SYSTEMPATH\Commands\Server\rewrite.php(47): require_once('C:\\wamp64_2\\www\\generique\\public\\index.php')
INFO - 2023-12-07 09:03:12 --> Session: Class initialized using 'CodeIgniter\Session\Handlers\FileHandler' driver.
CRITICAL - 2023-12-07 09:03:12 --> Invalid file: "App\views\pager\bs_pagination.php"
in SYSTEMPATH\Exceptions\FrameworkException.php on line 39.
 1 SYSTEMPATH\View\View.php(216): CodeIgniter\Exceptions\FrameworkException::forInvalidFile('App\\views\\pager\\bs_pagination.php')
 2 SYSTEMPATH\Pager\Pager.php(128): CodeIgniter\View\View->render('App\\views\\pager\\bs_pagination')
 3 SYSTEMPATH\Pager\Pager.php(85): CodeIgniter\Pager\Pager->displayLinks('group1', 'bs_pagination')
 4 APPPATH\Views\customer\list.php(69): CodeIgniter\Pager\Pager->links('group1', 'bs_pagination')
 5 SYSTEMPATH\View\View.php(228): include('C:\\wamp64_2\\www\\generique\\app\\Views\\customer\\list.php')
 6 SYSTEMPATH\View\View.php(231): CodeIgniter\View\View->CodeIgniter\View\{closure}()
 7 SYSTEMPATH\Common.php(1190): CodeIgniter\View\View->render('customer/list', [], true)
 8 APPPATH\Controllers\CustomerController.php(22): view('customer/list', [...])
 9 SYSTEMPATH\CodeIgniter.php(942): App\Controllers\CustomerController->index()
10 SYSTEMPATH\CodeIgniter.php(502): CodeIgniter\CodeIgniter->runController(Object(App\Controllers\CustomerController))
11 SYSTEMPATH\CodeIgniter.php(361): CodeIgniter\CodeIgniter->handleRequest(null, Object(Config\Cache), false)
12 FCPATH\index.php(79): CodeIgniter\CodeIgniter->run()
13 SYSTEMPATH\Commands\Server\rewrite.php(47): require_once('C:\\wamp64_2\\www\\generique\\public\\index.php')
WARNING - 2023-12-07 09:03:23 --> [DEPRECATED] Creation of dynamic property App\Controllers\CustomerController::$customer is deprecated in APPPATH\Controllers\CustomerController.php on line 12.
 1 SYSTEMPATH\CodeIgniter.php(914): App\Controllers\CustomerController->__construct()
 2 SYSTEMPATH\CodeIgniter.php(493): CodeIgniter\CodeIgniter->createController()
 3 SYSTEMPATH\CodeIgniter.php(361): CodeIgniter\CodeIgniter->handleRequest(null, Object(Config\Cache), false)
 4 FCPATH\index.php(79): CodeIgniter\CodeIgniter->run()
 5 SYSTEMPATH\Commands\Server\rewrite.php(47): require_once('C:\\wamp64_2\\www\\generique\\public\\index.php')
INFO - 2023-12-07 09:03:23 --> Session: Class initialized using 'CodeIgniter\Session\Handlers\FileHandler' driver.
CRITICAL - 2023-12-07 09:03:23 --> Invalid file: "App\views\pager\bs_pagination.php"
in SYSTEMPATH\Exceptions\FrameworkException.php on line 39.
 1 SYSTEMPATH\View\View.php(216): CodeIgniter\Exceptions\FrameworkException::forInvalidFile('App\\views\\pager\\bs_pagination.php')
 2 SYSTEMPATH\Pager\Pager.php(128): CodeIgniter\View\View->render('App\\views\\pager\\bs_pagination')
 3 SYSTEMPATH\Pager\Pager.php(85): CodeIgniter\Pager\Pager->displayLinks('group1', 'bs_pagination')
 4 APPPATH\Views\customer\list.php(69): CodeIgniter\Pager\Pager->links('group1', 'bs_pagination')
 5 SYSTEMPATH\View\View.php(228): include('C:\\wamp64_2\\www\\generique\\app\\Views\\customer\\list.php')
 6 SYSTEMPATH\View\View.php(231): CodeIgniter\View\View->CodeIgniter\View\{closure}()
 7 SYSTEMPATH\Common.php(1190): CodeIgniter\View\View->render('customer/list', [], true)
 8 APPPATH\Controllers\CustomerController.php(22): view('customer/list', [...])
 9 SYSTEMPATH\CodeIgniter.php(942): App\Controllers\CustomerController->index()
10 SYSTEMPATH\CodeIgniter.php(502): CodeIgniter\CodeIgniter->runController(Object(App\Controllers\CustomerController))
11 SYSTEMPATH\CodeIgniter.php(361): CodeIgniter\CodeIgniter->handleRequest(null, Object(Config\Cache), false)
12 FCPATH\index.php(79): CodeIgniter\CodeIgniter->run()
13 SYSTEMPATH\Commands\Server\rewrite.php(47): require_once('C:\\wamp64_2\\www\\generique\\public\\index.php')
WARNING - 2023-12-07 09:05:21 --> [DEPRECATED] Creation of dynamic property App\Controllers\CustomerController::$customer is deprecated in APPPATH\Controllers\CustomerController.php on line 12.
 1 SYSTEMPATH\CodeIgniter.php(914): App\Controllers\CustomerController->__construct()
 2 SYSTEMPATH\CodeIgniter.php(493): CodeIgniter\CodeIgniter->createController()
 3 SYSTEMPATH\CodeIgniter.php(361): CodeIgniter\CodeIgniter->handleRequest(null, Object(Config\Cache), false)
 4 FCPATH\index.php(79): CodeIgniter\CodeIgniter->run()
 5 SYSTEMPATH\Commands\Server\rewrite.php(47): require_once('C:\\wamp64_2\\www\\generique\\public\\index.php')
INFO - 2023-12-07 09:05:21 --> Session: Class initialized using 'CodeIgniter\Session\Handlers\FileHandler' driver.
WARNING - 2023-12-07 09:18:24 --> [DEPRECATED] Creation of dynamic property App\Controllers\CustomerController::$customer is deprecated in APPPATH\Controllers\CustomerController.php on line 12.
 1 SYSTEMPATH\CodeIgniter.php(914): App\Controllers\CustomerController->__construct()
 2 SYSTEMPATH\CodeIgniter.php(493): CodeIgniter\CodeIgniter->createController()
 3 SYSTEMPATH\CodeIgniter.php(361): CodeIgniter\CodeIgniter->handleRequest(null, Object(Config\Cache), false)
 4 FCPATH\index.php(79): CodeIgniter\CodeIgniter->run()
 5 SYSTEMPATH\Commands\Server\rewrite.php(47): require_once('C:\\wamp64_2\\www\\generique\\public\\index.php')
INFO - 2023-12-07 09:18:24 --> Session: Class initialized using 'CodeIgniter\Session\Handlers\FileHandler' driver.
WARNING - 2023-12-07 09:18:34 --> [DEPRECATED] Creation of dynamic property App\Controllers\CustomerController::$customer is deprecated in APPPATH\Controllers\CustomerController.php on line 12.
 1 SYSTEMPATH\CodeIgniter.php(914): App\Controllers\CustomerController->__construct()
 2 SYSTEMPATH\CodeIgniter.php(493): CodeIgniter\CodeIgniter->createController()
 3 SYSTEMPATH\CodeIgniter.php(361): CodeIgniter\CodeIgniter->handleRequest(null, Object(Config\Cache), false)
 4 FCPATH\index.php(79): CodeIgniter\CodeIgniter->run()
 5 SYSTEMPATH\Commands\Server\rewrite.php(47): require_once('C:\\wamp64_2\\www\\generique\\public\\index.php')
INFO - 2023-12-07 09:18:34 --> Session: Class initialized using 'CodeIgniter\Session\Handlers\FileHandler' driver.
WARNING - 2023-12-07 09:18:44 --> [DEPRECATED] Creation of dynamic property App\Controllers\CustomerController::$customer is deprecated in APPPATH\Controllers\CustomerController.php on line 12.
 1 SYSTEMPATH\CodeIgniter.php(914): App\Controllers\CustomerController->__construct()
 2 SYSTEMPATH\CodeIgniter.php(493): CodeIgniter\CodeIgniter->createController()
 3 SYSTEMPATH\CodeIgniter.php(361): CodeIgniter\CodeIgniter->handleRequest(null, Object(Config\Cache), false)
 4 FCPATH\index.php(79): CodeIgniter\CodeIgniter->run()
 5 SYSTEMPATH\Commands\Server\rewrite.php(47): require_once('C:\\wamp64_2\\www\\generique\\public\\index.php')
INFO - 2023-12-07 09:18:44 --> Session: Class initialized using 'CodeIgniter\Session\Handlers\FileHandler' driver.
WARNING - 2023-12-07 09:20:24 --> [DEPRECATED] Creation of dynamic property App\Controllers\CustomerController::$customer is deprecated in APPPATH\Controllers\CustomerController.php on line 12.
 1 SYSTEMPATH\CodeIgniter.php(914): App\Controllers\CustomerController->__construct()
 2 SYSTEMPATH\CodeIgniter.php(493): CodeIgniter\CodeIgniter->createController()
 3 SYSTEMPATH\CodeIgniter.php(361): CodeIgniter\CodeIgniter->handleRequest(null, Object(Config\Cache), false)
 4 FCPATH\index.php(79): CodeIgniter\CodeIgniter->run()
 5 SYSTEMPATH\Commands\Server\rewrite.php(47): require_once('C:\\wamp64_2\\www\\generique\\public\\index.php')
INFO - 2023-12-07 09:20:24 --> Session: Class initialized using 'CodeIgniter\Session\Handlers\FileHandler' driver.
WARNING - 2023-12-07 09:23:01 --> [DEPRECATED] Creation of dynamic property App\Controllers\CustomerController::$customer is deprecated in APPPATH\Controllers\CustomerController.php on line 12.
 1 SYSTEMPATH\CodeIgniter.php(914): App\Controllers\CustomerController->__construct()
 2 SYSTEMPATH\CodeIgniter.php(493): CodeIgniter\CodeIgniter->createController()
 3 SYSTEMPATH\CodeIgniter.php(361): CodeIgniter\CodeIgniter->handleRequest(null, Object(Config\Cache), false)
 4 FCPATH\index.php(79): CodeIgniter\CodeIgniter->run()
 5 SYSTEMPATH\Commands\Server\rewrite.php(47): require_once('C:\\wamp64_2\\www\\generique\\public\\index.php')
INFO - 2023-12-07 09:23:01 --> Session: Class initialized using 'CodeIgniter\Session\Handlers\FileHandler' driver.
WARNING - 2023-12-07 09:25:32 --> [DEPRECATED] Creation of dynamic property App\Controllers\CustomerController::$customer is deprecated in APPPATH\Controllers\CustomerController.php on line 12.
 1 SYSTEMPATH\CodeIgniter.php(914): App\Controllers\CustomerController->__construct()
 2 SYSTEMPATH\CodeIgniter.php(493): CodeIgniter\CodeIgniter->createController()
 3 SYSTEMPATH\CodeIgniter.php(361): CodeIgniter\CodeIgniter->handleRequest(null, Object(Config\Cache), false)
 4 FCPATH\index.php(79): CodeIgniter\CodeIgniter->run()
 5 SYSTEMPATH\Commands\Server\rewrite.php(47): require_once('C:\\wamp64_2\\www\\generique\\public\\index.php')
INFO - 2023-12-07 09:25:32 --> Session: Class initialized using 'CodeIgniter\Session\Handlers\FileHandler' driver.
WARNING - 2023-12-07 09:25:36 --> [DEPRECATED] Creation of dynamic property App\Controllers\CustomerController::$customer is deprecated in APPPATH\Controllers\CustomerController.php on line 12.
 1 SYSTEMPATH\CodeIgniter.php(914): App\Controllers\CustomerController->__construct()
 2 SYSTEMPATH\CodeIgniter.php(493): CodeIgniter\CodeIgniter->createController()
 3 SYSTEMPATH\CodeIgniter.php(361): CodeIgniter\CodeIgniter->handleRequest(null, Object(Config\Cache), false)
 4 FCPATH\index.php(79): CodeIgniter\CodeIgniter->run()
 5 SYSTEMPATH\Commands\Server\rewrite.php(47): require_once('C:\\wamp64_2\\www\\generique\\public\\index.php')
WARNING - 2023-12-07 09:26:40 --> [DEPRECATED] Creation of dynamic property App\Controllers\CustomerController::$customer is deprecated in APPPATH\Controllers\CustomerController.php on line 12.
 1 SYSTEMPATH\CodeIgniter.php(914): App\Controllers\CustomerController->__construct()
 2 SYSTEMPATH\CodeIgniter.php(493): CodeIgniter\CodeIgniter->createController()
 3 SYSTEMPATH\CodeIgniter.php(361): CodeIgniter\CodeIgniter->handleRequest(null, Object(Config\Cache), false)
 4 FCPATH\index.php(79): CodeIgniter\CodeIgniter->run()
 5 SYSTEMPATH\Commands\Server\rewrite.php(47): require_once('C:\\wamp64_2\\www\\generique\\public\\index.php')
INFO - 2023-12-07 09:26:40 --> Session: Class initialized using 'CodeIgniter\Session\Handlers\FileHandler' driver.
WARNING - 2023-12-07 09:26:46 --> [DEPRECATED] Creation of dynamic property App\Controllers\CustomerController::$customer is deprecated in APPPATH\Controllers\CustomerController.php on line 12.
 1 SYSTEMPATH\CodeIgniter.php(914): App\Controllers\CustomerController->__construct()
 2 SYSTEMPATH\CodeIgniter.php(493): CodeIgniter\CodeIgniter->createController()
 3 SYSTEMPATH\CodeIgniter.php(361): CodeIgniter\CodeIgniter->handleRequest(null, Object(Config\Cache), false)
 4 FCPATH\index.php(79): CodeIgniter\CodeIgniter->run()
 5 SYSTEMPATH\Commands\Server\rewrite.php(47): require_once('C:\\wamp64_2\\www\\generique\\public\\index.php')
WARNING - 2023-12-07 13:46:14 --> [DEPRECATED] Creation of dynamic property App\Controllers\CustomerController::$customer is deprecated in APPPATH\Controllers\CustomerController.php on line 12.
 1 SYSTEMPATH\CodeIgniter.php(914): App\Controllers\CustomerController->__construct()
 2 SYSTEMPATH\CodeIgniter.php(493): CodeIgniter\CodeIgniter->createController()
 3 SYSTEMPATH\CodeIgniter.php(361): CodeIgniter\CodeIgniter->handleRequest(null, Object(Config\Cache), false)
 4 FCPATH\index.php(79): CodeIgniter\CodeIgniter->run()
 5 SYSTEMPATH\Commands\Server\rewrite.php(47): require_once('C:\\wamp64_2\\www\\generique\\public\\index.php')
INFO - 2023-12-07 13:46:14 --> Session: Class initialized using 'CodeIgniter\Session\Handlers\FileHandler' driver.
WARNING - 2023-12-07 13:46:22 --> [DEPRECATED] Creation of dynamic property App\Controllers\CustomerController::$customer is deprecated in APPPATH\Controllers\CustomerController.php on line 12.
 1 SYSTEMPATH\CodeIgniter.php(914): App\Controllers\CustomerController->__construct()
 2 SYSTEMPATH\CodeIgniter.php(493): CodeIgniter\CodeIgniter->createController()
 3 SYSTEMPATH\CodeIgniter.php(361): CodeIgniter\CodeIgniter->handleRequest(null, Object(Config\Cache), false)
 4 FCPATH\index.php(79): CodeIgniter\CodeIgniter->run()
 5 SYSTEMPATH\Commands\Server\rewrite.php(47): require_once('C:\\wamp64_2\\www\\generique\\public\\index.php')
WARNING - 2023-12-07 13:46:55 --> [DEPRECATED] Creation of dynamic property App\Controllers\CustomerController::$customer is deprecated in APPPATH\Controllers\CustomerController.php on line 12.
 1 SYSTEMPATH\CodeIgniter.php(914): App\Controllers\CustomerController->__construct()
 2 SYSTEMPATH\CodeIgniter.php(493): CodeIgniter\CodeIgniter->createController()
 3 SYSTEMPATH\CodeIgniter.php(361): CodeIgniter\CodeIgniter->handleRequest(null, Object(Config\Cache), false)
 4 FCPATH\index.php(79): CodeIgniter\CodeIgniter->run()
 5 SYSTEMPATH\Commands\Server\rewrite.php(47): require_once('C:\\wamp64_2\\www\\generique\\public\\index.php')
INFO - 2023-12-07 13:46:55 --> Session: Class initialized using 'CodeIgniter\Session\Handlers\FileHandler' driver.
WARNING - 2023-12-07 13:47:00 --> [DEPRECATED] Creation of dynamic property App\Controllers\CustomerController::$customer is deprecated in APPPATH\Controllers\CustomerController.php on line 12.
 1 SYSTEMPATH\CodeIgniter.php(914): App\Controllers\CustomerController->__construct()
 2 SYSTEMPATH\CodeIgniter.php(493): CodeIgniter\CodeIgniter->createController()
 3 SYSTEMPATH\CodeIgniter.php(361): CodeIgniter\CodeIgniter->handleRequest(null, Object(Config\Cache), false)
 4 FCPATH\index.php(79): CodeIgniter\CodeIgniter->run()
 5 SYSTEMPATH\Commands\Server\rewrite.php(47): require_once('C:\\wamp64_2\\www\\generique\\public\\index.php')
WARNING - 2023-12-07 13:52:58 --> [DEPRECATED] Creation of dynamic property App\Controllers\CustomerController::$customer is deprecated in APPPATH\Controllers\CustomerController.php on line 12.
 1 SYSTEMPATH\CodeIgniter.php(914): App\Controllers\CustomerController->__construct()
 2 SYSTEMPATH\CodeIgniter.php(493): CodeIgniter\CodeIgniter->createController()
 3 SYSTEMPATH\CodeIgniter.php(361): CodeIgniter\CodeIgniter->handleRequest(null, Object(Config\Cache), false)
 4 FCPATH\index.php(79): CodeIgniter\CodeIgniter->run()
 5 SYSTEMPATH\Commands\Server\rewrite.php(47): require_once('C:\\wamp64_2\\www\\generique\\public\\index.php')
INFO - 2023-12-07 13:52:58 --> Session: Class initialized using 'CodeIgniter\Session\Handlers\FileHandler' driver.
WARNING - 2023-12-07 13:53:03 --> [DEPRECATED] Creation of dynamic property App\Controllers\CustomerController::$customer is deprecated in APPPATH\Controllers\CustomerController.php on line 12.
 1 SYSTEMPATH\CodeIgniter.php(914): App\Controllers\CustomerController->__construct()
 2 SYSTEMPATH\CodeIgniter.php(493): CodeIgniter\CodeIgniter->createController()
 3 SYSTEMPATH\CodeIgniter.php(361): CodeIgniter\CodeIgniter->handleRequest(null, Object(Config\Cache), false)
 4 FCPATH\index.php(79): CodeIgniter\CodeIgniter->run()
 5 SYSTEMPATH\Commands\Server\rewrite.php(47): require_once('C:\\wamp64_2\\www\\generique\\public\\index.php')
WARNING - 2023-12-07 13:53:22 --> [DEPRECATED] Creation of dynamic property App\Controllers\CustomerController::$customer is deprecated in APPPATH\Controllers\CustomerController.php on line 12.
 1 SYSTEMPATH\CodeIgniter.php(914): App\Controllers\CustomerController->__construct()
 2 SYSTEMPATH\CodeIgniter.php(493): CodeIgniter\CodeIgniter->createController()
 3 SYSTEMPATH\CodeIgniter.php(361): CodeIgniter\CodeIgniter->handleRequest(null, Object(Config\Cache), false)
 4 FCPATH\index.php(79): CodeIgniter\CodeIgniter->run()
 5 SYSTEMPATH\Commands\Server\rewrite.php(47): require_once('C:\\wamp64_2\\www\\generique\\public\\index.php')
INFO - 2023-12-07 13:53:22 --> Session: Class initialized using 'CodeIgniter\Session\Handlers\FileHandler' driver.
WARNING - 2023-12-07 13:53:41 --> [DEPRECATED] Creation of dynamic property App\Controllers\CustomerController::$customer is deprecated in APPPATH\Controllers\CustomerController.php on line 12.
 1 SYSTEMPATH\CodeIgniter.php(914): App\Controllers\CustomerController->__construct()
 2 SYSTEMPATH\CodeIgniter.php(493): CodeIgniter\CodeIgniter->createController()
 3 SYSTEMPATH\CodeIgniter.php(361): CodeIgniter\CodeIgniter->handleRequest(null, Object(Config\Cache), false)
 4 FCPATH\index.php(79): CodeIgniter\CodeIgniter->run()
 5 SYSTEMPATH\Commands\Server\rewrite.php(47): require_once('C:\\wamp64_2\\www\\generique\\public\\index.php')
WARNING - 2023-12-07 13:56:17 --> [DEPRECATED] Creation of dynamic property App\Controllers\CustomerController::$customer is deprecated in APPPATH\Controllers\CustomerController.php on line 12.
 1 SYSTEMPATH\CodeIgniter.php(914): App\Controllers\CustomerController->__construct()
 2 SYSTEMPATH\CodeIgniter.php(493): CodeIgniter\CodeIgniter->createController()
 3 SYSTEMPATH\CodeIgniter.php(361): CodeIgniter\CodeIgniter->handleRequest(null, Object(Config\Cache), false)
 4 FCPATH\index.php(79): CodeIgniter\CodeIgniter->run()
 5 SYSTEMPATH\Commands\Server\rewrite.php(47): require_once('C:\\wamp64_2\\www\\generique\\public\\index.php')
INFO - 2023-12-07 13:56:17 --> Session: Class initialized using 'CodeIgniter\Session\Handlers\FileHandler' driver.
WARNING - 2023-12-07 13:56:32 --> [DEPRECATED] Creation of dynamic property App\Controllers\CustomerController::$customer is deprecated in APPPATH\Controllers\CustomerController.php on line 12.
 1 SYSTEMPATH\CodeIgniter.php(914): App\Controllers\CustomerController->__construct()
 2 SYSTEMPATH\CodeIgniter.php(493): CodeIgniter\CodeIgniter->createController()
 3 SYSTEMPATH\CodeIgniter.php(361): CodeIgniter\CodeIgniter->handleRequest(null, Object(Config\Cache), false)
 4 FCPATH\index.php(79): CodeIgniter\CodeIgniter->run()
 5 SYSTEMPATH\Commands\Server\rewrite.php(47): require_once('C:\\wamp64_2\\www\\generique\\public\\index.php')
INFO - 2023-12-07 13:56:32 --> Session: Class initialized using 'CodeIgniter\Session\Handlers\FileHandler' driver.
WARNING - 2023-12-07 13:57:29 --> [DEPRECATED] Creation of dynamic property App\Controllers\CustomerController::$customer is deprecated in APPPATH\Controllers\CustomerController.php on line 12.
 1 SYSTEMPATH\CodeIgniter.php(914): App\Controllers\CustomerController->__construct()
 2 SYSTEMPATH\CodeIgniter.php(493): CodeIgniter\CodeIgniter->createController()
 3 SYSTEMPATH\CodeIgniter.php(361): CodeIgniter\CodeIgniter->handleRequest(null, Object(Config\Cache), false)
 4 FCPATH\index.php(79): CodeIgniter\CodeIgniter->run()
 5 SYSTEMPATH\Commands\Server\rewrite.php(47): require_once('C:\\wamp64_2\\www\\generique\\public\\index.php')
INFO - 2023-12-07 13:57:29 --> Session: Class initialized using 'CodeIgniter\Session\Handlers\FileHandler' driver.
WARNING - 2023-12-07 13:59:37 --> [DEPRECATED] Creation of dynamic property App\Controllers\CustomerController::$customer is deprecated in APPPATH\Controllers\CustomerController.php on line 12.
 1 SYSTEMPATH\CodeIgniter.php(914): App\Controllers\CustomerController->__construct()
 2 SYSTEMPATH\CodeIgniter.php(493): CodeIgniter\CodeIgniter->createController()
 3 SYSTEMPATH\CodeIgniter.php(361): CodeIgniter\CodeIgniter->handleRequest(null, Object(Config\Cache), false)
 4 FCPATH\index.php(79): CodeIgniter\CodeIgniter->run()
 5 SYSTEMPATH\Commands\Server\rewrite.php(47): require_once('C:\\wamp64_2\\www\\generique\\public\\index.php')
INFO - 2023-12-07 13:59:37 --> Session: Class initialized using 'CodeIgniter\Session\Handlers\FileHandler' driver.
WARNING - 2023-12-07 14:02:07 --> [DEPRECATED] Creation of dynamic property App\Controllers\CustomerController::$customer is deprecated in APPPATH\Controllers\CustomerController.php on line 12.
 1 SYSTEMPATH\CodeIgniter.php(914): App\Controllers\CustomerController->__construct()
 2 SYSTEMPATH\CodeIgniter.php(493): CodeIgniter\CodeIgniter->createController()
 3 SYSTEMPATH\CodeIgniter.php(361): CodeIgniter\CodeIgniter->handleRequest(null, Object(Config\Cache), false)
 4 FCPATH\index.php(79): CodeIgniter\CodeIgniter->run()
 5 SYSTEMPATH\Commands\Server\rewrite.php(47): require_once('C:\\wamp64_2\\www\\generique\\public\\index.php')
INFO - 2023-12-07 14:02:07 --> Session: Class initialized using 'CodeIgniter\Session\Handlers\FileHandler' driver.
WARNING - 2023-12-07 14:07:07 --> [DEPRECATED] Creation of dynamic property App\Controllers\CustomerController::$customer is deprecated in APPPATH\Controllers\CustomerController.php on line 12.
 1 SYSTEMPATH\CodeIgniter.php(914): App\Controllers\CustomerController->__construct()
 2 SYSTEMPATH\CodeIgniter.php(493): CodeIgniter\CodeIgniter->createController()
 3 SYSTEMPATH\CodeIgniter.php(361): CodeIgniter\CodeIgniter->handleRequest(null, Object(Config\Cache), false)
 4 FCPATH\index.php(79): CodeIgniter\CodeIgniter->run()
 5 SYSTEMPATH\Commands\Server\rewrite.php(47): require_once('C:\\wamp64_2\\www\\generique\\public\\index.php')
INFO - 2023-12-07 14:07:07 --> Session: Class initialized using 'CodeIgniter\Session\Handlers\FileHandler' driver.
WARNING - 2023-12-07 14:07:21 --> [DEPRECATED] Creation of dynamic property App\Controllers\CustomerController::$customer is deprecated in APPPATH\Controllers\CustomerController.php on line 12.
 1 SYSTEMPATH\CodeIgniter.php(914): App\Controllers\CustomerController->__construct()
 2 SYSTEMPATH\CodeIgniter.php(493): CodeIgniter\CodeIgniter->createController()
 3 SYSTEMPATH\CodeIgniter.php(361): CodeIgniter\CodeIgniter->handleRequest(null, Object(Config\Cache), false)
 4 FCPATH\index.php(79): CodeIgniter\CodeIgniter->run()
 5 SYSTEMPATH\Commands\Server\rewrite.php(47): require_once('C:\\wamp64_2\\www\\generique\\public\\index.php')
WARNING - 2023-12-07 14:07:34 --> [DEPRECATED] Creation of dynamic property App\Controllers\CustomerController::$customer is deprecated in APPPATH\Controllers\CustomerController.php on line 12.
 1 SYSTEMPATH\CodeIgniter.php(914): App\Controllers\CustomerController->__construct()
 2 SYSTEMPATH\CodeIgniter.php(493): CodeIgniter\CodeIgniter->createController()
 3 SYSTEMPATH\CodeIgniter.php(361): CodeIgniter\CodeIgniter->handleRequest(null, Object(Config\Cache), false)
 4 FCPATH\index.php(79): CodeIgniter\CodeIgniter->run()
 5 SYSTEMPATH\Commands\Server\rewrite.php(47): require_once('C:\\wamp64_2\\www\\generique\\public\\index.php')
WARNING - 2023-12-07 14:09:10 --> [DEPRECATED] Creation of dynamic property App\Controllers\CustomerController::$customer is deprecated in APPPATH\Controllers\CustomerController.php on line 12.
 1 SYSTEMPATH\CodeIgniter.php(914): App\Controllers\CustomerController->__construct()
 2 SYSTEMPATH\CodeIgniter.php(493): CodeIgniter\CodeIgniter->createController()
 3 SYSTEMPATH\CodeIgniter.php(361): CodeIgniter\CodeIgniter->handleRequest(null, Object(Config\Cache), false)
 4 FCPATH\index.php(79): CodeIgniter\CodeIgniter->run()
 5 SYSTEMPATH\Commands\Server\rewrite.php(47): require_once('C:\\wamp64_2\\www\\generique\\public\\index.php')
INFO - 2023-12-07 14:09:10 --> Session: Class initialized using 'CodeIgniter\Session\Handlers\FileHandler' driver.
WARNING - 2023-12-07 14:09:20 --> [DEPRECATED] Creation of dynamic property App\Controllers\CustomerController::$customer is deprecated in APPPATH\Controllers\CustomerController.php on line 12.
 1 SYSTEMPATH\CodeIgniter.php(914): App\Controllers\CustomerController->__construct()
 2 SYSTEMPATH\CodeIgniter.php(493): CodeIgniter\CodeIgniter->createController()
 3 SYSTEMPATH\CodeIgniter.php(361): CodeIgniter\CodeIgniter->handleRequest(null, Object(Config\Cache), false)
 4 FCPATH\index.php(79): CodeIgniter\CodeIgniter->run()
 5 SYSTEMPATH\Commands\Server\rewrite.php(47): require_once('C:\\wamp64_2\\www\\generique\\public\\index.php')
WARNING - 2023-12-07 14:09:41 --> [DEPRECATED] Creation of dynamic property App\Controllers\CustomerController::$customer is deprecated in APPPATH\Controllers\CustomerController.php on line 12.
 1 SYSTEMPATH\CodeIgniter.php(914): App\Controllers\CustomerController->__construct()
 2 SYSTEMPATH\CodeIgniter.php(493): CodeIgniter\CodeIgniter->createController()
 3 SYSTEMPATH\CodeIgniter.php(361): CodeIgniter\CodeIgniter->handleRequest(null, Object(Config\Cache), false)
 4 FCPATH\index.php(79): CodeIgniter\CodeIgniter->run()
 5 SYSTEMPATH\Commands\Server\rewrite.php(47): require_once('C:\\wamp64_2\\www\\generique\\public\\index.php')
WARNING - 2023-12-07 14:13:02 --> [DEPRECATED] Creation of dynamic property App\Controllers\CustomerController::$customer is deprecated in APPPATH\Controllers\CustomerController.php on line 12.
 1 SYSTEMPATH\CodeIgniter.php(914): App\Controllers\CustomerController->__construct()
 2 SYSTEMPATH\CodeIgniter.php(493): CodeIgniter\CodeIgniter->createController()
 3 SYSTEMPATH\CodeIgniter.php(361): CodeIgniter\CodeIgniter->handleRequest(null, Object(Config\Cache), false)
 4 FCPATH\index.php(79): CodeIgniter\CodeIgniter->run()
 5 SYSTEMPATH\Commands\Server\rewrite.php(47): require_once('C:\\wamp64_2\\www\\generique\\public\\index.php')
INFO - 2023-12-07 14:13:02 --> Session: Class initialized using 'CodeIgniter\Session\Handlers\FileHandler' driver.
WARNING - 2023-12-07 14:13:09 --> [DEPRECATED] Creation of dynamic property App\Controllers\CustomerController::$customer is deprecated in APPPATH\Controllers\CustomerController.php on line 12.
 1 SYSTEMPATH\CodeIgniter.php(914): App\Controllers\CustomerController->__construct()
 2 SYSTEMPATH\CodeIgniter.php(493): CodeIgniter\CodeIgniter->createController()
 3 SYSTEMPATH\CodeIgniter.php(361): CodeIgniter\CodeIgniter->handleRequest(null, Object(Config\Cache), false)
 4 FCPATH\index.php(79): CodeIgniter\CodeIgniter->run()
 5 SYSTEMPATH\Commands\Server\rewrite.php(47): require_once('C:\\wamp64_2\\www\\generique\\public\\index.php')
WARNING - 2023-12-07 14:17:51 --> [DEPRECATED] Creation of dynamic property App\Controllers\CustomerController::$customer is deprecated in APPPATH\Controllers\CustomerController.php on line 12.
 1 SYSTEMPATH\CodeIgniter.php(914): App\Controllers\CustomerController->__construct()
 2 SYSTEMPATH\CodeIgniter.php(493): CodeIgniter\CodeIgniter->createController()
 3 SYSTEMPATH\CodeIgniter.php(361): CodeIgniter\CodeIgniter->handleRequest(null, Object(Config\Cache), false)
 4 FCPATH\index.php(79): CodeIgniter\CodeIgniter->run()
 5 SYSTEMPATH\Commands\Server\rewrite.php(47): require_once('C:\\wamp64_2\\www\\generique\\public\\index.php')
INFO - 2023-12-07 14:17:51 --> Session: Class initialized using 'CodeIgniter\Session\Handlers\FileHandler' driver.
WARNING - 2023-12-07 14:17:58 --> [DEPRECATED] Creation of dynamic property App\Controllers\CustomerController::$customer is deprecated in APPPATH\Controllers\CustomerController.php on line 12.
 1 SYSTEMPATH\CodeIgniter.php(914): App\Controllers\CustomerController->__construct()
 2 SYSTEMPATH\CodeIgniter.php(493): CodeIgniter\CodeIgniter->createController()
 3 SYSTEMPATH\CodeIgniter.php(361): CodeIgniter\CodeIgniter->handleRequest(null, Object(Config\Cache), false)
 4 FCPATH\index.php(79): CodeIgniter\CodeIgniter->run()
 5 SYSTEMPATH\Commands\Server\rewrite.php(47): require_once('C:\\wamp64_2\\www\\generique\\public\\index.php')
WARNING - 2023-12-07 14:18:07 --> [DEPRECATED] Creation of dynamic property App\Controllers\CustomerController::$customer is deprecated in APPPATH\Controllers\CustomerController.php on line 12.
 1 SYSTEMPATH\CodeIgniter.php(914): App\Controllers\CustomerController->__construct()
 2 SYSTEMPATH\CodeIgniter.php(493): CodeIgniter\CodeIgniter->createController()
 3 SYSTEMPATH\CodeIgniter.php(361): CodeIgniter\CodeIgniter->handleRequest(null, Object(Config\Cache), false)
 4 FCPATH\index.php(79): CodeIgniter\CodeIgniter->run()
 5 SYSTEMPATH\Commands\Server\rewrite.php(47): require_once('C:\\wamp64_2\\www\\generique\\public\\index.php')
INFO - 2023-12-07 14:18:07 --> Session: Class initialized using 'CodeIgniter\Session\Handlers\FileHandler' driver.
WARNING - 2023-12-07 14:18:12 --> [DEPRECATED] Creation of dynamic property App\Controllers\CustomerController::$customer is deprecated in APPPATH\Controllers\CustomerController.php on line 12.
 1 SYSTEMPATH\CodeIgniter.php(914): App\Controllers\CustomerController->__construct()
 2 SYSTEMPATH\CodeIgniter.php(493): CodeIgniter\CodeIgniter->createController()
 3 SYSTEMPATH\CodeIgniter.php(361): CodeIgniter\CodeIgniter->handleRequest(null, Object(Config\Cache), false)
 4 FCPATH\index.php(79): CodeIgniter\CodeIgniter->run()
 5 SYSTEMPATH\Commands\Server\rewrite.php(47): require_once('C:\\wamp64_2\\www\\generique\\public\\index.php')
WARNING - 2023-12-07 14:19:21 --> [DEPRECATED] Creation of dynamic property App\Controllers\CustomerController::$customer is deprecated in APPPATH\Controllers\CustomerController.php on line 12.
 1 SYSTEMPATH\CodeIgniter.php(914): App\Controllers\CustomerController->__construct()
 2 SYSTEMPATH\CodeIgniter.php(493): CodeIgniter\CodeIgniter->createController()
 3 SYSTEMPATH\CodeIgniter.php(361): CodeIgniter\CodeIgniter->handleRequest(null, Object(Config\Cache), false)
 4 FCPATH\index.php(79): CodeIgniter\CodeIgniter->run()
 5 SYSTEMPATH\Commands\Server\rewrite.php(47): require_once('C:\\wamp64_2\\www\\generique\\public\\index.php')
INFO - 2023-12-07 14:19:21 --> Session: Class initialized using 'CodeIgniter\Session\Handlers\FileHandler' driver.
WARNING - 2023-12-07 14:19:36 --> [DEPRECATED] Creation of dynamic property App\Controllers\CustomerController::$customer is deprecated in APPPATH\Controllers\CustomerController.php on line 12.
 1 SYSTEMPATH\CodeIgniter.php(914): App\Controllers\CustomerController->__construct()
 2 SYSTEMPATH\CodeIgniter.php(493): CodeIgniter\CodeIgniter->createController()
 3 SYSTEMPATH\CodeIgniter.php(361): CodeIgniter\CodeIgniter->handleRequest(null, Object(Config\Cache), false)
 4 FCPATH\index.php(79): CodeIgniter\CodeIgniter->run()
 5 SYSTEMPATH\Commands\Server\rewrite.php(47): require_once('C:\\wamp64_2\\www\\generique\\public\\index.php')
INFO - 2023-12-07 14:19:36 --> Session: Class initialized using 'CodeIgniter\Session\Handlers\FileHandler' driver.
WARNING - 2023-12-07 14:19:53 --> [DEPRECATED] Creation of dynamic property App\Controllers\CustomerController::$customer is deprecated in APPPATH\Controllers\CustomerController.php on line 12.
 1 SYSTEMPATH\CodeIgniter.php(914): App\Controllers\CustomerController->__construct()
 2 SYSTEMPATH\CodeIgniter.php(493): CodeIgniter\CodeIgniter->createController()
 3 SYSTEMPATH\CodeIgniter.php(361): CodeIgniter\CodeIgniter->handleRequest(null, Object(Config\Cache), false)
 4 FCPATH\index.php(79): CodeIgniter\CodeIgniter->run()
 5 SYSTEMPATH\Commands\Server\rewrite.php(47): require_once('C:\\wamp64_2\\www\\generique\\public\\index.php')
INFO - 2023-12-07 14:19:53 --> Session: Class initialized using 'CodeIgniter\Session\Handlers\FileHandler' driver.
WARNING - 2023-12-07 14:23:09 --> [DEPRECATED] Creation of dynamic property App\Controllers\CustomerController::$customer is deprecated in APPPATH\Controllers\CustomerController.php on line 12.
 1 SYSTEMPATH\CodeIgniter.php(914): App\Controllers\CustomerController->__construct()
 2 SYSTEMPATH\CodeIgniter.php(493): CodeIgniter\CodeIgniter->createController()
 3 SYSTEMPATH\CodeIgniter.php(361): CodeIgniter\CodeIgniter->handleRequest(null, Object(Config\Cache), false)
 4 FCPATH\index.php(79): CodeIgniter\CodeIgniter->run()
 5 SYSTEMPATH\Commands\Server\rewrite.php(47): require_once('C:\\wamp64_2\\www\\generique\\public\\index.php')
INFO - 2023-12-07 14:23:09 --> Session: Class initialized using 'CodeIgniter\Session\Handlers\FileHandler' driver.
WARNING - 2023-12-07 14:23:26 --> [DEPRECATED] Creation of dynamic property App\Controllers\CustomerController::$customer is deprecated in APPPATH\Controllers\CustomerController.php on line 12.
 1 SYSTEMPATH\CodeIgniter.php(914): App\Controllers\CustomerController->__construct()
 2 SYSTEMPATH\CodeIgniter.php(493): CodeIgniter\CodeIgniter->createController()
 3 SYSTEMPATH\CodeIgniter.php(361): CodeIgniter\CodeIgniter->handleRequest(null, Object(Config\Cache), false)
 4 FCPATH\index.php(79): CodeIgniter\CodeIgniter->run()
 5 SYSTEMPATH\Commands\Server\rewrite.php(47): require_once('C:\\wamp64_2\\www\\generique\\public\\index.php')
INFO - 2023-12-07 14:23:26 --> Session: Class initialized using 'CodeIgniter\Session\Handlers\FileHandler' driver.
WARNING - 2023-12-07 14:23:58 --> [DEPRECATED] Creation of dynamic property App\Controllers\CustomerController::$customer is deprecated in APPPATH\Controllers\CustomerController.php on line 12.
 1 SYSTEMPATH\CodeIgniter.php(914): App\Controllers\CustomerController->__construct()
 2 SYSTEMPATH\CodeIgniter.php(493): CodeIgniter\CodeIgniter->createController()
 3 SYSTEMPATH\CodeIgniter.php(361): CodeIgniter\CodeIgniter->handleRequest(null, Object(Config\Cache), false)
 4 FCPATH\index.php(79): CodeIgniter\CodeIgniter->run()
 5 SYSTEMPATH\Commands\Server\rewrite.php(47): require_once('C:\\wamp64_2\\www\\generique\\public\\index.php')
WARNING - 2023-12-07 14:24:39 --> [DEPRECATED] Creation of dynamic property App\Controllers\CustomerController::$customer is deprecated in APPPATH\Controllers\CustomerController.php on line 12.
 1 SYSTEMPATH\CodeIgniter.php(914): App\Controllers\CustomerController->__construct()
 2 SYSTEMPATH\CodeIgniter.php(493): CodeIgniter\CodeIgniter->createController()
 3 SYSTEMPATH\CodeIgniter.php(361): CodeIgniter\CodeIgniter->handleRequest(null, Object(Config\Cache), false)
 4 FCPATH\index.php(79): CodeIgniter\CodeIgniter->run()
 5 SYSTEMPATH\Commands\Server\rewrite.php(47): require_once('C:\\wamp64_2\\www\\generique\\public\\index.php')
INFO - 2023-12-07 14:24:39 --> Session: Class initialized using 'CodeIgniter\Session\Handlers\FileHandler' driver.
WARNING - 2023-12-07 14:24:54 --> [DEPRECATED] Creation of dynamic property App\Controllers\CustomerController::$customer is deprecated in APPPATH\Controllers\CustomerController.php on line 12.
 1 SYSTEMPATH\CodeIgniter.php(914): App\Controllers\CustomerController->__construct()
 2 SYSTEMPATH\CodeIgniter.php(493): CodeIgniter\CodeIgniter->createController()
 3 SYSTEMPATH\CodeIgniter.php(361): CodeIgniter\CodeIgniter->handleRequest(null, Object(Config\Cache), false)
 4 FCPATH\index.php(79): CodeIgniter\CodeIgniter->run()
 5 SYSTEMPATH\Commands\Server\rewrite.php(47): require_once('C:\\wamp64_2\\www\\generique\\public\\index.php')
WARNING - 2023-12-07 14:26:40 --> [DEPRECATED] Creation of dynamic property App\Controllers\CustomerController::$customer is deprecated in APPPATH\Controllers\CustomerController.php on line 12.
 1 SYSTEMPATH\CodeIgniter.php(914): App\Controllers\CustomerController->__construct()
 2 SYSTEMPATH\CodeIgniter.php(493): CodeIgniter\CodeIgniter->createController()
 3 SYSTEMPATH\CodeIgniter.php(361): CodeIgniter\CodeIgniter->handleRequest(null, Object(Config\Cache), false)
 4 FCPATH\index.php(79): CodeIgniter\CodeIgniter->run()
 5 SYSTEMPATH\Commands\Server\rewrite.php(47): require_once('C:\\wamp64_2\\www\\generique\\public\\index.php')
INFO - 2023-12-07 14:26:40 --> Session: Class initialized using 'CodeIgniter\Session\Handlers\FileHandler' driver.
WARNING - 2023-12-07 14:26:47 --> [DEPRECATED] Creation of dynamic property App\Controllers\CustomerController::$customer is deprecated in APPPATH\Controllers\CustomerController.php on line 12.
 1 SYSTEMPATH\CodeIgniter.php(914): App\Controllers\CustomerController->__construct()
 2 SYSTEMPATH\CodeIgniter.php(493): CodeIgniter\CodeIgniter->createController()
 3 SYSTEMPATH\CodeIgniter.php(361): CodeIgniter\CodeIgniter->handleRequest(null, Object(Config\Cache), false)
 4 FCPATH\index.php(79): CodeIgniter\CodeIgniter->run()
 5 SYSTEMPATH\Commands\Server\rewrite.php(47): require_once('C:\\wamp64_2\\www\\generique\\public\\index.php')
WARNING - 2023-12-07 14:27:30 --> [DEPRECATED] Creation of dynamic property App\Controllers\CustomerController::$customer is deprecated in APPPATH\Controllers\CustomerController.php on line 12.
 1 SYSTEMPATH\CodeIgniter.php(914): App\Controllers\CustomerController->__construct()
 2 SYSTEMPATH\CodeIgniter.php(493): CodeIgniter\CodeIgniter->createController()
 3 SYSTEMPATH\CodeIgniter.php(361): CodeIgniter\CodeIgniter->handleRequest(null, Object(Config\Cache), false)
 4 FCPATH\index.php(79): CodeIgniter\CodeIgniter->run()
 5 SYSTEMPATH\Commands\Server\rewrite.php(47): require_once('C:\\wamp64_2\\www\\generique\\public\\index.php')
INFO - 2023-12-07 14:27:30 --> Session: Class initialized using 'CodeIgniter\Session\Handlers\FileHandler' driver.
WARNING - 2023-12-07 14:27:37 --> [DEPRECATED] Creation of dynamic property App\Controllers\CustomerController::$customer is deprecated in APPPATH\Controllers\CustomerController.php on line 12.
 1 SYSTEMPATH\CodeIgniter.php(914): App\Controllers\CustomerController->__construct()
 2 SYSTEMPATH\CodeIgniter.php(493): CodeIgniter\CodeIgniter->createController()
 3 SYSTEMPATH\CodeIgniter.php(361): CodeIgniter\CodeIgniter->handleRequest(null, Object(Config\Cache), false)
 4 FCPATH\index.php(79): CodeIgniter\CodeIgniter->run()
 5 SYSTEMPATH\Commands\Server\rewrite.php(47): require_once('C:\\wamp64_2\\www\\generique\\public\\index.php')
WARNING - 2023-12-07 14:28:39 --> [DEPRECATED] Creation of dynamic property App\Controllers\CustomerController::$customer is deprecated in APPPATH\Controllers\CustomerController.php on line 12.
 1 SYSTEMPATH\CodeIgniter.php(914): App\Controllers\CustomerController->__construct()
 2 SYSTEMPATH\CodeIgniter.php(493): CodeIgniter\CodeIgniter->createController()
 3 SYSTEMPATH\CodeIgniter.php(361): CodeIgniter\CodeIgniter->handleRequest(null, Object(Config\Cache), false)
 4 FCPATH\index.php(79): CodeIgniter\CodeIgniter->run()
 5 SYSTEMPATH\Commands\Server\rewrite.php(47): require_once('C:\\wamp64_2\\www\\generique\\public\\index.php')
INFO - 2023-12-07 14:28:39 --> Session: Class initialized using 'CodeIgniter\Session\Handlers\FileHandler' driver.
WARNING - 2023-12-07 14:28:48 --> [DEPRECATED] Creation of dynamic property App\Controllers\CustomerController::$customer is deprecated in APPPATH\Controllers\CustomerController.php on line 12.
 1 SYSTEMPATH\CodeIgniter.php(914): App\Controllers\CustomerController->__construct()
 2 SYSTEMPATH\CodeIgniter.php(493): CodeIgniter\CodeIgniter->createController()
 3 SYSTEMPATH\CodeIgniter.php(361): CodeIgniter\CodeIgniter->handleRequest(null, Object(Config\Cache), false)
 4 FCPATH\index.php(79): CodeIgniter\CodeIgniter->run()
 5 SYSTEMPATH\Commands\Server\rewrite.php(47): require_once('C:\\wamp64_2\\www\\generique\\public\\index.php')
WARNING - 2023-12-07 14:29:44 --> [DEPRECATED] Creation of dynamic property App\Controllers\CustomerController::$customer is deprecated in APPPATH\Controllers\CustomerController.php on line 12.
 1 SYSTEMPATH\CodeIgniter.php(914): App\Controllers\CustomerController->__construct()
 2 SYSTEMPATH\CodeIgniter.php(493): CodeIgniter\CodeIgniter->createController()
 3 SYSTEMPATH\CodeIgniter.php(361): CodeIgniter\CodeIgniter->handleRequest(null, Object(Config\Cache), false)
 4 FCPATH\index.php(79): CodeIgniter\CodeIgniter->run()
 5 SYSTEMPATH\Commands\Server\rewrite.php(47): require_once('C:\\wamp64_2\\www\\generique\\public\\index.php')
INFO - 2023-12-07 14:29:44 --> Session: Class initialized using 'CodeIgniter\Session\Handlers\FileHandler' driver.
WARNING - 2023-12-07 14:30:09 --> [DEPRECATED] Creation of dynamic property App\Controllers\CustomerController::$customer is deprecated in APPPATH\Controllers\CustomerController.php on line 12.
 1 SYSTEMPATH\CodeIgniter.php(914): App\Controllers\CustomerController->__construct()
 2 SYSTEMPATH\CodeIgniter.php(493): CodeIgniter\CodeIgniter->createController()
 3 SYSTEMPATH\CodeIgniter.php(361): CodeIgniter\CodeIgniter->handleRequest(null, Object(Config\Cache), false)
 4 FCPATH\index.php(79): CodeIgniter\CodeIgniter->run()
 5 SYSTEMPATH\Commands\Server\rewrite.php(47): require_once('C:\\wamp64_2\\www\\generique\\public\\index.php')
INFO - 2023-12-07 14:30:09 --> Session: Class initialized using 'CodeIgniter\Session\Handlers\FileHandler' driver.
WARNING - 2023-12-07 14:30:09 --> [DEPRECATED] Creation of dynamic property App\Controllers\CustomerController::$customer is deprecated in APPPATH\Controllers\CustomerController.php on line 12.
 1 SYSTEMPATH\CodeIgniter.php(914): App\Controllers\CustomerController->__construct()
 2 SYSTEMPATH\CodeIgniter.php(493): CodeIgniter\CodeIgniter->createController()
 3 SYSTEMPATH\CodeIgniter.php(361): CodeIgniter\CodeIgniter->handleRequest(null, Object(Config\Cache), false)
 4 FCPATH\index.php(79): CodeIgniter\CodeIgniter->run()
 5 SYSTEMPATH\Commands\Server\rewrite.php(47): require_once('C:\\wamp64_2\\www\\generique\\public\\index.php')
INFO - 2023-12-07 14:30:09 --> Session: Class initialized using 'CodeIgniter\Session\Handlers\FileHandler' driver.
WARNING - 2023-12-07 14:30:15 --> [DEPRECATED] Creation of dynamic property App\Controllers\CustomerController::$customer is deprecated in APPPATH\Controllers\CustomerController.php on line 12.
 1 SYSTEMPATH\CodeIgniter.php(914): App\Controllers\CustomerController->__construct()
 2 SYSTEMPATH\CodeIgniter.php(493): CodeIgniter\CodeIgniter->createController()
 3 SYSTEMPATH\CodeIgniter.php(361): CodeIgniter\CodeIgniter->handleRequest(null, Object(Config\Cache), false)
 4 FCPATH\index.php(79): CodeIgniter\CodeIgniter->run()
 5 SYSTEMPATH\Commands\Server\rewrite.php(47): require_once('C:\\wamp64_2\\www\\generique\\public\\index.php')
INFO - 2023-12-07 14:30:15 --> Session: Class initialized using 'CodeIgniter\Session\Handlers\FileHandler' driver.
WARNING - 2023-12-07 14:30:24 --> [DEPRECATED] Creation of dynamic property App\Controllers\CustomerController::$customer is deprecated in APPPATH\Controllers\CustomerController.php on line 12.
 1 SYSTEMPATH\CodeIgniter.php(914): App\Controllers\CustomerController->__construct()
 2 SYSTEMPATH\CodeIgniter.php(493): CodeIgniter\CodeIgniter->createController()
 3 SYSTEMPATH\CodeIgniter.php(361): CodeIgniter\CodeIgniter->handleRequest(null, Object(Config\Cache), false)
 4 FCPATH\index.php(79): CodeIgniter\CodeIgniter->run()
INFO - 2023-12-07 14:30:24 --> Session: Class initialized using 'CodeIgniter\Session\Handlers\FileHandler' driver.
WARNING - 2023-12-07 14:30:36 --> [DEPRECATED] Creation of dynamic property App\Controllers\CustomerController::$customer is deprecated in APPPATH\Controllers\CustomerController.php on line 12.
 1 SYSTEMPATH\CodeIgniter.php(914): App\Controllers\CustomerController->__construct()
 2 SYSTEMPATH\CodeIgniter.php(493): CodeIgniter\CodeIgniter->createController()
 3 SYSTEMPATH\CodeIgniter.php(361): CodeIgniter\CodeIgniter->handleRequest(null, Object(Config\Cache), false)
 4 FCPATH\index.php(79): CodeIgniter\CodeIgniter->run()
 5 SYSTEMPATH\Commands\Server\rewrite.php(47): require_once('C:\\wamp64_2\\www\\generique\\public\\index.php')
WARNING - 2023-12-07 14:31:11 --> [DEPRECATED] Creation of dynamic property App\Controllers\CustomerController::$customer is deprecated in APPPATH\Controllers\CustomerController.php on line 12.
 1 SYSTEMPATH\CodeIgniter.php(914): App\Controllers\CustomerController->__construct()
 2 SYSTEMPATH\CodeIgniter.php(493): CodeIgniter\CodeIgniter->createController()
 3 SYSTEMPATH\CodeIgniter.php(361): CodeIgniter\CodeIgniter->handleRequest(null, Object(Config\Cache), false)
 4 FCPATH\index.php(79): CodeIgniter\CodeIgniter->run()
INFO - 2023-12-07 14:31:11 --> Session: Class initialized using 'CodeIgniter\Session\Handlers\FileHandler' driver.
WARNING - 2023-12-07 14:31:27 --> [DEPRECATED] Creation of dynamic property App\Controllers\CustomerController::$customer is deprecated in APPPATH\Controllers\CustomerController.php on line 12.
 1 SYSTEMPATH\CodeIgniter.php(914): App\Controllers\CustomerController->__construct()
 2 SYSTEMPATH\CodeIgniter.php(493): CodeIgniter\CodeIgniter->createController()
 3 SYSTEMPATH\CodeIgniter.php(361): CodeIgniter\CodeIgniter->handleRequest(null, Object(Config\Cache), false)
 4 FCPATH\index.php(79): CodeIgniter\CodeIgniter->run()
INFO - 2023-12-07 14:31:27 --> Session: Class initialized using 'CodeIgniter\Session\Handlers\FileHandler' driver.
WARNING - 2023-12-07 14:31:34 --> [DEPRECATED] Creation of dynamic property App\Controllers\CustomerController::$customer is deprecated in APPPATH\Controllers\CustomerController.php on line 12.
 1 SYSTEMPATH\CodeIgniter.php(914): App\Controllers\CustomerController->__construct()
 2 SYSTEMPATH\CodeIgniter.php(493): CodeIgniter\CodeIgniter->createController()
 3 SYSTEMPATH\CodeIgniter.php(361): CodeIgniter\CodeIgniter->handleRequest(null, Object(Config\Cache), false)
 4 FCPATH\index.php(79): CodeIgniter\CodeIgniter->run()
 5 SYSTEMPATH\Commands\Server\rewrite.php(47): require_once('C:\\wamp64_2\\www\\generique\\public\\index.php')
INFO - 2023-12-07 14:31:34 --> Session: Class initialized using 'CodeIgniter\Session\Handlers\FileHandler' driver.
WARNING - 2023-12-07 14:31:41 --> [DEPRECATED] Creation of dynamic property App\Controllers\CustomerController::$customer is deprecated in APPPATH\Controllers\CustomerController.php on line 12.
 1 SYSTEMPATH\CodeIgniter.php(914): App\Controllers\CustomerController->__construct()
 2 SYSTEMPATH\CodeIgniter.php(493): CodeIgniter\CodeIgniter->createController()
 3 SYSTEMPATH\CodeIgniter.php(361): CodeIgniter\CodeIgniter->handleRequest(null, Object(Config\Cache), false)
 4 FCPATH\index.php(79): CodeIgniter\CodeIgniter->run()
 5 SYSTEMPATH\Commands\Server\rewrite.php(47): require_once('C:\\wamp64_2\\www\\generique\\public\\index.php')
WARNING - 2023-12-07 14:32:12 --> [DEPRECATED] Creation of dynamic property App\Controllers\CustomerController::$customer is deprecated in APPPATH\Controllers\CustomerController.php on line 12.
 1 SYSTEMPATH\CodeIgniter.php(914): App\Controllers\CustomerController->__construct()
 2 SYSTEMPATH\CodeIgniter.php(493): CodeIgniter\CodeIgniter->createController()
 3 SYSTEMPATH\CodeIgniter.php(361): CodeIgniter\CodeIgniter->handleRequest(null, Object(Config\Cache), false)
 4 FCPATH\index.php(79): CodeIgniter\CodeIgniter->run()
 5 SYSTEMPATH\Commands\Server\rewrite.php(47): require_once('C:\\wamp64_2\\www\\generique\\public\\index.php')
INFO - 2023-12-07 14:32:12 --> Session: Class initialized using 'CodeIgniter\Session\Handlers\FileHandler' driver.
WARNING - 2023-12-07 14:32:27 --> [DEPRECATED] Creation of dynamic property App\Controllers\CustomerController::$customer is deprecated in APPPATH\Controllers\CustomerController.php on line 12.
 1 SYSTEMPATH\CodeIgniter.php(914): App\Controllers\CustomerController->__construct()
 2 SYSTEMPATH\CodeIgniter.php(493): CodeIgniter\CodeIgniter->createController()
 3 SYSTEMPATH\CodeIgniter.php(361): CodeIgniter\CodeIgniter->handleRequest(null, Object(Config\Cache), false)
 4 FCPATH\index.php(79): CodeIgniter\CodeIgniter->run()
 5 SYSTEMPATH\Commands\Server\rewrite.php(47): require_once('C:\\wamp64_2\\www\\generique\\public\\index.php')
WARNING - 2023-12-07 14:32:37 --> [DEPRECATED] Creation of dynamic property App\Controllers\CustomerController::$customer is deprecated in APPPATH\Controllers\CustomerController.php on line 12.
 1 SYSTEMPATH\CodeIgniter.php(914): App\Controllers\CustomerController->__construct()
 2 SYSTEMPATH\CodeIgniter.php(493): CodeIgniter\CodeIgniter->createController()
 3 SYSTEMPATH\CodeIgniter.php(361): CodeIgniter\CodeIgniter->handleRequest(null, Object(Config\Cache), false)
 4 FCPATH\index.php(79): CodeIgniter\CodeIgniter->run()
 5 SYSTEMPATH\Commands\Server\rewrite.php(47): require_once('C:\\wamp64_2\\www\\generique\\public\\index.php')
WARNING - 2023-12-07 14:32:43 --> [DEPRECATED] Creation of dynamic property App\Controllers\CustomerController::$customer is deprecated in APPPATH\Controllers\CustomerController.php on line 12.
 1 SYSTEMPATH\CodeIgniter.php(914): App\Controllers\CustomerController->__construct()
 2 SYSTEMPATH\CodeIgniter.php(493): CodeIgniter\CodeIgniter->createController()
 3 SYSTEMPATH\CodeIgniter.php(361): CodeIgniter\CodeIgniter->handleRequest(null, Object(Config\Cache), false)
 4 FCPATH\index.php(79): CodeIgniter\CodeIgniter->run()
 5 SYSTEMPATH\Commands\Server\rewrite.php(47): require_once('C:\\wamp64_2\\www\\generique\\public\\index.php')
WARNING - 2023-12-07 14:33:25 --> [DEPRECATED] Creation of dynamic property App\Controllers\CustomerController::$customer is deprecated in APPPATH\Controllers\CustomerController.php on line 12.
 1 SYSTEMPATH\CodeIgniter.php(914): App\Controllers\CustomerController->__construct()
 2 SYSTEMPATH\CodeIgniter.php(493): CodeIgniter\CodeIgniter->createController()
 3 SYSTEMPATH\CodeIgniter.php(361): CodeIgniter\CodeIgniter->handleRequest(null, Object(Config\Cache), false)
 4 FCPATH\index.php(79): CodeIgniter\CodeIgniter->run()
 5 SYSTEMPATH\Commands\Server\rewrite.php(47): require_once('C:\\wamp64_2\\www\\generique\\public\\index.php')
WARNING - 2023-12-07 14:34:47 --> [DEPRECATED] Creation of dynamic property App\Controllers\CustomerController::$customer is deprecated in APPPATH\Controllers\CustomerController.php on line 12.
 1 SYSTEMPATH\CodeIgniter.php(914): App\Controllers\CustomerController->__construct()
 2 SYSTEMPATH\CodeIgniter.php(493): CodeIgniter\CodeIgniter->createController()
 3 SYSTEMPATH\CodeIgniter.php(361): CodeIgniter\CodeIgniter->handleRequest(null, Object(Config\Cache), false)
 4 FCPATH\index.php(79): CodeIgniter\CodeIgniter->run()
 5 SYSTEMPATH\Commands\Server\rewrite.php(47): require_once('C:\\wamp64_2\\www\\generique\\public\\index.php')
INFO - 2023-12-07 14:34:47 --> Session: Class initialized using 'CodeIgniter\Session\Handlers\FileHandler' driver.
WARNING - 2023-12-07 14:40:06 --> [DEPRECATED] Creation of dynamic property App\Controllers\CustomerController::$customer is deprecated in APPPATH\Controllers\CustomerController.php on line 12.
 1 SYSTEMPATH\CodeIgniter.php(914): App\Controllers\CustomerController->__construct()
 2 SYSTEMPATH\CodeIgniter.php(493): CodeIgniter\CodeIgniter->createController()
 3 SYSTEMPATH\CodeIgniter.php(361): CodeIgniter\CodeIgniter->handleRequest(null, Object(Config\Cache), false)
 4 FCPATH\index.php(79): CodeIgniter\CodeIgniter->run()
 5 SYSTEMPATH\Commands\Server\rewrite.php(47): require_once('C:\\wamp64_2\\www\\generique\\public\\index.php')
INFO - 2023-12-07 14:40:06 --> Session: Class initialized using 'CodeIgniter\Session\Handlers\FileHandler' driver.
WARNING - 2023-12-07 14:40:11 --> [DEPRECATED] Creation of dynamic property App\Controllers\CustomerController::$customer is deprecated in APPPATH\Controllers\CustomerController.php on line 12.
 1 SYSTEMPATH\CodeIgniter.php(914): App\Controllers\CustomerController->__construct()
 2 SYSTEMPATH\CodeIgniter.php(493): CodeIgniter\CodeIgniter->createController()
 3 SYSTEMPATH\CodeIgniter.php(361): CodeIgniter\CodeIgniter->handleRequest(null, Object(Config\Cache), false)
 4 FCPATH\index.php(79): CodeIgniter\CodeIgniter->run()
 5 SYSTEMPATH\Commands\Server\rewrite.php(47): require_once('C:\\wamp64_2\\www\\generique\\public\\index.php')
WARNING - 2023-12-07 17:21:17 --> [DEPRECATED] Creation of dynamic property App\Controllers\CustomerController::$customer is deprecated in APPPATH\Controllers\CustomerController.php on line 12.
 1 SYSTEMPATH\CodeIgniter.php(914): App\Controllers\CustomerController->__construct()
 2 SYSTEMPATH\CodeIgniter.php(493): CodeIgniter\CodeIgniter->createController()
 3 SYSTEMPATH\CodeIgniter.php(361): CodeIgniter\CodeIgniter->handleRequest(null, Object(Config\Cache), false)
 4 FCPATH\index.php(79): CodeIgniter\CodeIgniter->run()
 5 SYSTEMPATH\Commands\Server\rewrite.php(47): require_once('C:\\wamp64_2\\www\\generique\\public\\index.php')
INFO - 2023-12-07 17:21:17 --> Session: Class initialized using 'CodeIgniter\Session\Handlers\FileHandler' driver.
WARNING - 2023-12-07 17:24:57 --> [DEPRECATED] Creation of dynamic property App\Controllers\CustomerController::$customer is deprecated in APPPATH\Controllers\CustomerController.php on line 12.
 1 SYSTEMPATH\CodeIgniter.php(914): App\Controllers\CustomerController->__construct()
 2 SYSTEMPATH\CodeIgniter.php(493): CodeIgniter\CodeIgniter->createController()
 3 SYSTEMPATH\CodeIgniter.php(361): CodeIgniter\CodeIgniter->handleRequest(null, Object(Config\Cache), false)
 4 FCPATH\index.php(79): CodeIgniter\CodeIgniter->run()
 5 SYSTEMPATH\Commands\Server\rewrite.php(47): require_once('C:\\wamp64_2\\www\\generique\\public\\index.php')
WARNING - 2023-12-07 17:25:01 --> [DEPRECATED] Creation of dynamic property App\Controllers\CustomerController::$customer is deprecated in APPPATH\Controllers\CustomerController.php on line 12.
 1 SYSTEMPATH\CodeIgniter.php(914): App\Controllers\CustomerController->__construct()
 2 SYSTEMPATH\CodeIgniter.php(493): CodeIgniter\CodeIgniter->createController()
 3 SYSTEMPATH\CodeIgniter.php(361): CodeIgniter\CodeIgniter->handleRequest(null, Object(Config\Cache), false)
 4 FCPATH\index.php(79): CodeIgniter\CodeIgniter->run()
 5 SYSTEMPATH\Commands\Server\rewrite.php(47): require_once('C:\\wamp64_2\\www\\generique\\public\\index.php')
INFO - 2023-12-07 17:25:01 --> Session: Class initialized using 'CodeIgniter\Session\Handlers\FileHandler' driver.
WARNING - 2023-12-07 17:25:06 --> [DEPRECATED] Creation of dynamic property App\Controllers\CustomerController::$customer is deprecated in APPPATH\Controllers\CustomerController.php on line 12.
 1 SYSTEMPATH\CodeIgniter.php(914): App\Controllers\CustomerController->__construct()
 2 SYSTEMPATH\CodeIgniter.php(493): CodeIgniter\CodeIgniter->createController()
 3 SYSTEMPATH\CodeIgniter.php(361): CodeIgniter\CodeIgniter->handleRequest(null, Object(Config\Cache), false)
 4 FCPATH\index.php(79): CodeIgniter\CodeIgniter->run()
 5 SYSTEMPATH\Commands\Server\rewrite.php(47): require_once('C:\\wamp64_2\\www\\generique\\public\\index.php')
WARNING - 2023-12-07 17:25:59 --> [DEPRECATED] Creation of dynamic property App\Controllers\CustomerController::$customer is deprecated in APPPATH\Controllers\CustomerController.php on line 12.
 1 SYSTEMPATH\CodeIgniter.php(914): App\Controllers\CustomerController->__construct()
 2 SYSTEMPATH\CodeIgniter.php(493): CodeIgniter\CodeIgniter->createController()
 3 SYSTEMPATH\CodeIgniter.php(361): CodeIgniter\CodeIgniter->handleRequest(null, Object(Config\Cache), false)
 4 FCPATH\index.php(79): CodeIgniter\CodeIgniter->run()
 5 SYSTEMPATH\Commands\Server\rewrite.php(47): require_once('C:\\wamp64_2\\www\\generique\\public\\index.php')
CRITICAL - 2023-12-07 17:26:00 --> There is no data to update.
in SYSTEMPATH\BaseModel.php on line 930.
 1 SYSTEMPATH\BaseModel.php(930): CodeIgniter\Database\Exceptions\DataException::forEmptyDataset('update')
 2 SYSTEMPATH\Model.php(776): CodeIgniter\BaseModel->update([...], [])
 3 APPPATH\Controllers\CustomerController.php(59): CodeIgniter\Model->update([...], [...])
 4 SYSTEMPATH\CodeIgniter.php(942): App\Controllers\CustomerController->updateList()
 5 SYSTEMPATH\CodeIgniter.php(502): CodeIgniter\CodeIgniter->runController(Object(App\Controllers\CustomerController))
 6 SYSTEMPATH\CodeIgniter.php(361): CodeIgniter\CodeIgniter->handleRequest(null, Object(Config\Cache), false)
 7 FCPATH\index.php(79): CodeIgniter\CodeIgniter->run()
 8 SYSTEMPATH\Commands\Server\rewrite.php(47): require_once('C:\\wamp64_2\\www\\generique\\public\\index.php')
WARNING - 2023-12-07 17:26:15 --> [DEPRECATED] Creation of dynamic property App\Controllers\CustomerController::$customer is deprecated in APPPATH\Controllers\CustomerController.php on line 12.
 1 SYSTEMPATH\CodeIgniter.php(914): App\Controllers\CustomerController->__construct()
 2 SYSTEMPATH\CodeIgniter.php(493): CodeIgniter\CodeIgniter->createController()
 3 SYSTEMPATH\CodeIgniter.php(361): CodeIgniter\CodeIgniter->handleRequest(null, Object(Config\Cache), false)
 4 FCPATH\index.php(79): CodeIgniter\CodeIgniter->run()
 5 SYSTEMPATH\Commands\Server\rewrite.php(47): require_once('C:\\wamp64_2\\www\\generique\\public\\index.php')
INFO - 2023-12-07 17:26:15 --> Session: Class initialized using 'CodeIgniter\Session\Handlers\FileHandler' driver.
WARNING - 2023-12-07 17:26:16 --> [DEPRECATED] Creation of dynamic property App\Controllers\CustomerController::$customer is deprecated in APPPATH\Controllers\CustomerController.php on line 12.
 1 SYSTEMPATH\CodeIgniter.php(914): App\Controllers\CustomerController->__construct()
 2 SYSTEMPATH\CodeIgniter.php(493): CodeIgniter\CodeIgniter->createController()
 3 SYSTEMPATH\CodeIgniter.php(361): CodeIgniter\CodeIgniter->handleRequest(null, Object(Config\Cache), false)
 4 FCPATH\index.php(79): CodeIgniter\CodeIgniter->run()
INFO - 2023-12-07 17:26:16 --> Session: Class initialized using 'CodeIgniter\Session\Handlers\FileHandler' driver.
WARNING - 2023-12-07 17:26:27 --> [DEPRECATED] Creation of dynamic property App\Controllers\CustomerController::$customer is deprecated in APPPATH\Controllers\CustomerController.php on line 12.
 1 SYSTEMPATH\CodeIgniter.php(914): App\Controllers\CustomerController->__construct()
 2 SYSTEMPATH\CodeIgniter.php(493): CodeIgniter\CodeIgniter->createController()
 3 SYSTEMPATH\CodeIgniter.php(361): CodeIgniter\CodeIgniter->handleRequest(null, Object(Config\Cache), false)
 4 FCPATH\index.php(79): CodeIgniter\CodeIgniter->run()
 5 SYSTEMPATH\Commands\Server\rewrite.php(47): require_once('C:\\wamp64_2\\www\\generique\\public\\index.php')
INFO - 2023-12-07 17:26:27 --> Session: Class initialized using 'CodeIgniter\Session\Handlers\FileHandler' driver.
WARNING - 2023-12-07 17:26:59 --> [DEPRECATED] Creation of dynamic property App\Controllers\CustomerController::$customer is deprecated in APPPATH\Controllers\CustomerController.php on line 12.
 1 SYSTEMPATH\CodeIgniter.php(914): App\Controllers\CustomerController->__construct()
 2 SYSTEMPATH\CodeIgniter.php(493): CodeIgniter\CodeIgniter->createController()
 3 SYSTEMPATH\CodeIgniter.php(361): CodeIgniter\CodeIgniter->handleRequest(null, Object(Config\Cache), false)
 4 FCPATH\index.php(79): CodeIgniter\CodeIgniter->run()
 5 SYSTEMPATH\Commands\Server\rewrite.php(47): require_once('C:\\wamp64_2\\www\\generique\\public\\index.php')
INFO - 2023-12-07 17:26:59 --> Session: Class initialized using 'CodeIgniter\Session\Handlers\FileHandler' driver.
WARNING - 2023-12-07 17:27:00 --> [DEPRECATED] Creation of dynamic property App\Controllers\CustomerController::$customer is deprecated in APPPATH\Controllers\CustomerController.php on line 12.
 1 SYSTEMPATH\CodeIgniter.php(914): App\Controllers\CustomerController->__construct()
 2 SYSTEMPATH\CodeIgniter.php(493): CodeIgniter\CodeIgniter->createController()
 3 SYSTEMPATH\CodeIgniter.php(361): CodeIgniter\CodeIgniter->handleRequest(null, Object(Config\Cache), false)
 4 FCPATH\index.php(79): CodeIgniter\CodeIgniter->run()
 5 SYSTEMPATH\Commands\Server\rewrite.php(47): require_once('C:\\wamp64_2\\www\\generique\\public\\index.php')
INFO - 2023-12-07 17:27:00 --> Session: Class initialized using 'CodeIgniter\Session\Handlers\FileHandler' driver.
WARNING - 2023-12-07 17:27:45 --> [DEPRECATED] Creation of dynamic property App\Controllers\CustomerController::$customer is deprecated in APPPATH\Controllers\CustomerController.php on line 12.
 1 SYSTEMPATH\CodeIgniter.php(914): App\Controllers\CustomerController->__construct()
 2 SYSTEMPATH\CodeIgniter.php(493): CodeIgniter\CodeIgniter->createController()
 3 SYSTEMPATH\CodeIgniter.php(361): CodeIgniter\CodeIgniter->handleRequest(null, Object(Config\Cache), false)
 4 FCPATH\index.php(79): CodeIgniter\CodeIgniter->run()
 5 SYSTEMPATH\Commands\Server\rewrite.php(47): require_once('C:\\wamp64_2\\www\\generique\\public\\index.php')
INFO - 2023-12-07 17:27:45 --> Session: Class initialized using 'CodeIgniter\Session\Handlers\FileHandler' driver.
WARNING - 2023-12-07 17:27:55 --> [DEPRECATED] Creation of dynamic property App\Controllers\CustomerController::$customer is deprecated in APPPATH\Controllers\CustomerController.php on line 12.
 1 SYSTEMPATH\CodeIgniter.php(914): App\Controllers\CustomerController->__construct()
 2 SYSTEMPATH\CodeIgniter.php(493): CodeIgniter\CodeIgniter->createController()
 3 SYSTEMPATH\CodeIgniter.php(361): CodeIgniter\CodeIgniter->handleRequest(null, Object(Config\Cache), false)
 4 FCPATH\index.php(79): CodeIgniter\CodeIgniter->run()
 5 SYSTEMPATH\Commands\Server\rewrite.php(47): require_once('C:\\wamp64_2\\www\\generique\\public\\index.php')
INFO - 2023-12-07 17:27:55 --> Session: Class initialized using 'CodeIgniter\Session\Handlers\FileHandler' driver.
WARNING - 2023-12-07 17:27:58 --> [DEPRECATED] Creation of dynamic property App\Controllers\CustomerController::$customer is deprecated in APPPATH\Controllers\CustomerController.php on line 12.
 1 SYSTEMPATH\CodeIgniter.php(914): App\Controllers\CustomerController->__construct()
 2 SYSTEMPATH\CodeIgniter.php(493): CodeIgniter\CodeIgniter->createController()
 3 SYSTEMPATH\CodeIgniter.php(361): CodeIgniter\CodeIgniter->handleRequest(null, Object(Config\Cache), false)
 4 FCPATH\index.php(79): CodeIgniter\CodeIgniter->run()
 5 SYSTEMPATH\Commands\Server\rewrite.php(47): require_once('C:\\wamp64_2\\www\\generique\\public\\index.php')
WARNING - 2023-12-07 17:28:32 --> [DEPRECATED] Creation of dynamic property App\Controllers\CustomerController::$customer is deprecated in APPPATH\Controllers\CustomerController.php on line 12.
 1 SYSTEMPATH\CodeIgniter.php(914): App\Controllers\CustomerController->__construct()
 2 SYSTEMPATH\CodeIgniter.php(493): CodeIgniter\CodeIgniter->createController()
 3 SYSTEMPATH\CodeIgniter.php(361): CodeIgniter\CodeIgniter->handleRequest(null, Object(Config\Cache), false)
 4 FCPATH\index.php(79): CodeIgniter\CodeIgniter->run()
 5 SYSTEMPATH\Commands\Server\rewrite.php(47): require_once('C:\\wamp64_2\\www\\generique\\public\\index.php')
INFO - 2023-12-07 17:28:32 --> Session: Class initialized using 'CodeIgniter\Session\Handlers\FileHandler' driver.
WARNING - 2023-12-07 17:28:40 --> [DEPRECATED] Creation of dynamic property App\Controllers\CustomerController::$customer is deprecated in APPPATH\Controllers\CustomerController.php on line 12.
 1 SYSTEMPATH\CodeIgniter.php(914): App\Controllers\CustomerController->__construct()
 2 SYSTEMPATH\CodeIgniter.php(493): CodeIgniter\CodeIgniter->createController()
 3 SYSTEMPATH\CodeIgniter.php(361): CodeIgniter\CodeIgniter->handleRequest(null, Object(Config\Cache), false)
 4 FCPATH\index.php(79): CodeIgniter\CodeIgniter->run()
 5 SYSTEMPATH\Commands\Server\rewrite.php(47): require_once('C:\\wamp64_2\\www\\generique\\public\\index.php')
WARNING - 2023-12-07 17:28:46 --> [DEPRECATED] Creation of dynamic property App\Controllers\CustomerController::$customer is deprecated in APPPATH\Controllers\CustomerController.php on line 12.
 1 SYSTEMPATH\CodeIgniter.php(914): App\Controllers\CustomerController->__construct()
 2 SYSTEMPATH\CodeIgniter.php(493): CodeIgniter\CodeIgniter->createController()
 3 SYSTEMPATH\CodeIgniter.php(361): CodeIgniter\CodeIgniter->handleRequest(null, Object(Config\Cache), false)
 4 FCPATH\index.php(79): CodeIgniter\CodeIgniter->run()
 5 SYSTEMPATH\Commands\Server\rewrite.php(47): require_once('C:\\wamp64_2\\www\\generique\\public\\index.php')
CRITICAL - 2023-12-07 17:28:46 --> There is no data to update.
in SYSTEMPATH\BaseModel.php on line 930.
 1 SYSTEMPATH\BaseModel.php(930): CodeIgniter\Database\Exceptions\DataException::forEmptyDataset('update')
 2 SYSTEMPATH\Model.php(776): CodeIgniter\BaseModel->update([...], [])
 3 APPPATH\Controllers\CustomerController.php(59): CodeIgniter\Model->update([...], [...])
 4 SYSTEMPATH\CodeIgniter.php(942): App\Controllers\CustomerController->updateList()
 5 SYSTEMPATH\CodeIgniter.php(502): CodeIgniter\CodeIgniter->runController(Object(App\Controllers\CustomerController))
 6 SYSTEMPATH\CodeIgniter.php(361): CodeIgniter\CodeIgniter->handleRequest(null, Object(Config\Cache), false)
 7 FCPATH\index.php(79): CodeIgniter\CodeIgniter->run()
 8 SYSTEMPATH\Commands\Server\rewrite.php(47): require_once('C:\\wamp64_2\\www\\generique\\public\\index.php')
WARNING - 2023-12-07 17:34:41 --> [DEPRECATED] Creation of dynamic property App\Controllers\CustomerController::$customer is deprecated in APPPATH\Controllers\CustomerController.php on line 12.
 1 SYSTEMPATH\CodeIgniter.php(914): App\Controllers\CustomerController->__construct()
 2 SYSTEMPATH\CodeIgniter.php(493): CodeIgniter\CodeIgniter->createController()
 3 SYSTEMPATH\CodeIgniter.php(361): CodeIgniter\CodeIgniter->handleRequest(null, Object(Config\Cache), false)
 4 FCPATH\index.php(79): CodeIgniter\CodeIgniter->run()
 5 SYSTEMPATH\Commands\Server\rewrite.php(47): require_once('C:\\wamp64_2\\www\\generique\\public\\index.php')
INFO - 2023-12-07 17:34:41 --> Session: Class initialized using 'CodeIgniter\Session\Handlers\FileHandler' driver.
WARNING - 2023-12-07 17:34:47 --> [DEPRECATED] Creation of dynamic property App\Controllers\CustomerController::$customer is deprecated in APPPATH\Controllers\CustomerController.php on line 12.
 1 SYSTEMPATH\CodeIgniter.php(914): App\Controllers\CustomerController->__construct()
 2 SYSTEMPATH\CodeIgniter.php(493): CodeIgniter\CodeIgniter->createController()
 3 SYSTEMPATH\CodeIgniter.php(361): CodeIgniter\CodeIgniter->handleRequest(null, Object(Config\Cache), false)
 4 FCPATH\index.php(79): CodeIgniter\CodeIgniter->run()
 5 SYSTEMPATH\Commands\Server\rewrite.php(47): require_once('C:\\wamp64_2\\www\\generique\\public\\index.php')
INFO - 2023-12-07 17:34:47 --> Session: Class initialized using 'CodeIgniter\Session\Handlers\FileHandler' driver.
WARNING - 2023-12-07 17:34:50 --> [DEPRECATED] Creation of dynamic property App\Controllers\CustomerController::$customer is deprecated in APPPATH\Controllers\CustomerController.php on line 12.
 1 SYSTEMPATH\CodeIgniter.php(914): App\Controllers\CustomerController->__construct()
 2 SYSTEMPATH\CodeIgniter.php(493): CodeIgniter\CodeIgniter->createController()
 3 SYSTEMPATH\CodeIgniter.php(361): CodeIgniter\CodeIgniter->handleRequest(null, Object(Config\Cache), false)
 4 FCPATH\index.php(79): CodeIgniter\CodeIgniter->run()
 5 SYSTEMPATH\Commands\Server\rewrite.php(47): require_once('C:\\wamp64_2\\www\\generique\\public\\index.php')
WARNING - 2023-12-07 17:34:58 --> [DEPRECATED] Creation of dynamic property App\Controllers\CustomerController::$customer is deprecated in APPPATH\Controllers\CustomerController.php on line 12.
 1 SYSTEMPATH\CodeIgniter.php(914): App\Controllers\CustomerController->__construct()
 2 SYSTEMPATH\CodeIgniter.php(493): CodeIgniter\CodeIgniter->createController()
 3 SYSTEMPATH\CodeIgniter.php(361): CodeIgniter\CodeIgniter->handleRequest(null, Object(Config\Cache), false)
 4 FCPATH\index.php(79): CodeIgniter\CodeIgniter->run()
 5 SYSTEMPATH\Commands\Server\rewrite.php(47): require_once('C:\\wamp64_2\\www\\generique\\public\\index.php')
CRITICAL - 2023-12-07 17:34:58 --> There is no data to update.
in SYSTEMPATH\BaseModel.php on line 930.
 1 SYSTEMPATH\BaseModel.php(930): CodeIgniter\Database\Exceptions\DataException::forEmptyDataset('update')
 2 SYSTEMPATH\Model.php(776): CodeIgniter\BaseModel->update([...], [])
 3 APPPATH\Controllers\CustomerController.php(59): CodeIgniter\Model->update([...], [...])
 4 SYSTEMPATH\CodeIgniter.php(942): App\Controllers\CustomerController->updateList()
 5 SYSTEMPATH\CodeIgniter.php(502): CodeIgniter\CodeIgniter->runController(Object(App\Controllers\CustomerController))
 6 SYSTEMPATH\CodeIgniter.php(361): CodeIgniter\CodeIgniter->handleRequest(null, Object(Config\Cache), false)
 7 FCPATH\index.php(79): CodeIgniter\CodeIgniter->run()
 8 SYSTEMPATH\Commands\Server\rewrite.php(47): require_once('C:\\wamp64_2\\www\\generique\\public\\index.php')
WARNING - 2023-12-07 17:35:50 --> [DEPRECATED] Creation of dynamic property App\Controllers\CustomerController::$customer is deprecated in APPPATH\Controllers\CustomerController.php on line 12.
 1 SYSTEMPATH\CodeIgniter.php(914): App\Controllers\CustomerController->__construct()
 2 SYSTEMPATH\CodeIgniter.php(493): CodeIgniter\CodeIgniter->createController()
 3 SYSTEMPATH\CodeIgniter.php(361): CodeIgniter\CodeIgniter->handleRequest(null, Object(Config\Cache), false)
 4 FCPATH\index.php(79): CodeIgniter\CodeIgniter->run()
 5 SYSTEMPATH\Commands\Server\rewrite.php(47): require_once('C:\\wamp64_2\\www\\generique\\public\\index.php')
INFO - 2023-12-07 17:35:50 --> Session: Class initialized using 'CodeIgniter\Session\Handlers\FileHandler' driver.
WARNING - 2023-12-07 17:35:53 --> [DEPRECATED] Creation of dynamic property App\Controllers\CustomerController::$customer is deprecated in APPPATH\Controllers\CustomerController.php on line 12.
 1 SYSTEMPATH\CodeIgniter.php(914): App\Controllers\CustomerController->__construct()
 2 SYSTEMPATH\CodeIgniter.php(493): CodeIgniter\CodeIgniter->createController()
 3 SYSTEMPATH\CodeIgniter.php(361): CodeIgniter\CodeIgniter->handleRequest(null, Object(Config\Cache), false)
 4 FCPATH\index.php(79): CodeIgniter\CodeIgniter->run()
 5 SYSTEMPATH\Commands\Server\rewrite.php(47): require_once('C:\\wamp64_2\\www\\generique\\public\\index.php')
INFO - 2023-12-07 17:35:53 --> Session: Class initialized using 'CodeIgniter\Session\Handlers\FileHandler' driver.
WARNING - 2023-12-07 17:36:05 --> [DEPRECATED] Creation of dynamic property App\Controllers\CustomerController::$customer is deprecated in APPPATH\Controllers\CustomerController.php on line 12.
 1 SYSTEMPATH\CodeIgniter.php(914): App\Controllers\CustomerController->__construct()
 2 SYSTEMPATH\CodeIgniter.php(493): CodeIgniter\CodeIgniter->createController()
 3 SYSTEMPATH\CodeIgniter.php(361): CodeIgniter\CodeIgniter->handleRequest(null, Object(Config\Cache), false)
 4 FCPATH\index.php(79): CodeIgniter\CodeIgniter->run()
 5 SYSTEMPATH\Commands\Server\rewrite.php(47): require_once('C:\\wamp64_2\\www\\generique\\public\\index.php')
WARNING - 2023-12-07 17:36:11 --> [DEPRECATED] Creation of dynamic property App\Controllers\CustomerController::$customer is deprecated in APPPATH\Controllers\CustomerController.php on line 12.
 1 SYSTEMPATH\CodeIgniter.php(914): App\Controllers\CustomerController->__construct()
 2 SYSTEMPATH\CodeIgniter.php(493): CodeIgniter\CodeIgniter->createController()
 3 SYSTEMPATH\CodeIgniter.php(361): CodeIgniter\CodeIgniter->handleRequest(null, Object(Config\Cache), false)
 4 FCPATH\index.php(79): CodeIgniter\CodeIgniter->run()
 5 SYSTEMPATH\Commands\Server\rewrite.php(47): require_once('C:\\wamp64_2\\www\\generique\\public\\index.php')
CRITICAL - 2023-12-07 17:36:11 --> Updates are not allowed unless they contain a "where" or "like" clause.
in SYSTEMPATH\Model.php on line 380.
 1 SYSTEMPATH\BaseModel.php(949): CodeIgniter\Model->doUpdate(null, [...])
 2 SYSTEMPATH\Model.php(776): CodeIgniter\BaseModel->update(null, [...])
 3 APPPATH\Controllers\CustomerController.php(59): CodeIgniter\Model->update(null, [...])
 4 SYSTEMPATH\CodeIgniter.php(942): App\Controllers\CustomerController->updateList()
 5 SYSTEMPATH\CodeIgniter.php(502): CodeIgniter\CodeIgniter->runController(Object(App\Controllers\CustomerController))
 6 SYSTEMPATH\CodeIgniter.php(361): CodeIgniter\CodeIgniter->handleRequest(null, Object(Config\Cache), false)
 7 FCPATH\index.php(79): CodeIgniter\CodeIgniter->run()
 8 SYSTEMPATH\Commands\Server\rewrite.php(47): require_once('C:\\wamp64_2\\www\\generique\\public\\index.php')
WARNING - 2023-12-07 17:37:21 --> [DEPRECATED] Creation of dynamic property App\Controllers\CustomerController::$customer is deprecated in APPPATH\Controllers\CustomerController.php on line 12.
 1 SYSTEMPATH\CodeIgniter.php(914): App\Controllers\CustomerController->__construct()
 2 SYSTEMPATH\CodeIgniter.php(493): CodeIgniter\CodeIgniter->createController()
 3 SYSTEMPATH\CodeIgniter.php(361): CodeIgniter\CodeIgniter->handleRequest(null, Object(Config\Cache), false)
 4 FCPATH\index.php(79): CodeIgniter\CodeIgniter->run()
 5 SYSTEMPATH\Commands\Server\rewrite.php(47): require_once('C:\\wamp64_2\\www\\generique\\public\\index.php')
INFO - 2023-12-07 17:37:21 --> Session: Class initialized using 'CodeIgniter\Session\Handlers\FileHandler' driver.
WARNING - 2023-12-07 17:37:27 --> [DEPRECATED] Creation of dynamic property App\Controllers\CustomerController::$customer is deprecated in APPPATH\Controllers\CustomerController.php on line 12.
 1 SYSTEMPATH\CodeIgniter.php(914): App\Controllers\CustomerController->__construct()
 2 SYSTEMPATH\CodeIgniter.php(493): CodeIgniter\CodeIgniter->createController()
 3 SYSTEMPATH\CodeIgniter.php(361): CodeIgniter\CodeIgniter->handleRequest(null, Object(Config\Cache), false)
 4 FCPATH\index.php(79): CodeIgniter\CodeIgniter->run()
 5 SYSTEMPATH\Commands\Server\rewrite.php(47): require_once('C:\\wamp64_2\\www\\generique\\public\\index.php')
INFO - 2023-12-07 17:37:27 --> Session: Class initialized using 'CodeIgniter\Session\Handlers\FileHandler' driver.
WARNING - 2023-12-07 17:37:36 --> [DEPRECATED] Creation of dynamic property App\Controllers\CustomerController::$customer is deprecated in APPPATH\Controllers\CustomerController.php on line 12.
 1 SYSTEMPATH\CodeIgniter.php(914): App\Controllers\CustomerController->__construct()
 2 SYSTEMPATH\CodeIgniter.php(493): CodeIgniter\CodeIgniter->createController()
 3 SYSTEMPATH\CodeIgniter.php(361): CodeIgniter\CodeIgniter->handleRequest(null, Object(Config\Cache), false)
 4 FCPATH\index.php(79): CodeIgniter\CodeIgniter->run()
 5 SYSTEMPATH\Commands\Server\rewrite.php(47): require_once('C:\\wamp64_2\\www\\generique\\public\\index.php')
WARNING - 2023-12-07 17:37:40 --> [DEPRECATED] Creation of dynamic property App\Controllers\CustomerController::$customer is deprecated in APPPATH\Controllers\CustomerController.php on line 12.
 1 SYSTEMPATH\CodeIgniter.php(914): App\Controllers\CustomerController->__construct()
 2 SYSTEMPATH\CodeIgniter.php(493): CodeIgniter\CodeIgniter->createController()
 3 SYSTEMPATH\CodeIgniter.php(361): CodeIgniter\CodeIgniter->handleRequest(null, Object(Config\Cache), false)
 4 FCPATH\index.php(79): CodeIgniter\CodeIgniter->run()
 5 SYSTEMPATH\Commands\Server\rewrite.php(47): require_once('C:\\wamp64_2\\www\\generique\\public\\index.php')
CRITICAL - 2023-12-07 17:37:40 --> There is no data to update.
in SYSTEMPATH\BaseModel.php on line 1726.
 1 SYSTEMPATH\BaseModel.php(1726): CodeIgniter\Database\Exceptions\DataException::forEmptyDataset('update')
 2 SYSTEMPATH\BaseModel.php(916): CodeIgniter\BaseModel->transformDataToArray(null, 'update')
 3 SYSTEMPATH\Model.php(776): CodeIgniter\BaseModel->update([...], null)
 4 APPPATH\Controllers\CustomerController.php(59): CodeIgniter\Model->update([...])
 5 SYSTEMPATH\CodeIgniter.php(942): App\Controllers\CustomerController->updateList()
 6 SYSTEMPATH\CodeIgniter.php(502): CodeIgniter\CodeIgniter->runController(Object(App\Controllers\CustomerController))
 7 SYSTEMPATH\CodeIgniter.php(361): CodeIgniter\CodeIgniter->handleRequest(null, Object(Config\Cache), false)
 8 FCPATH\index.php(79): CodeIgniter\CodeIgniter->run()
 9 SYSTEMPATH\Commands\Server\rewrite.php(47): require_once('C:\\wamp64_2\\www\\generique\\public\\index.php')
WARNING - 2023-12-07 17:42:19 --> [DEPRECATED] Creation of dynamic property App\Controllers\CustomerController::$customer is deprecated in APPPATH\Controllers\CustomerController.php on line 12.
 1 SYSTEMPATH\CodeIgniter.php(914): App\Controllers\CustomerController->__construct()
 2 SYSTEMPATH\CodeIgniter.php(493): CodeIgniter\CodeIgniter->createController()
 3 SYSTEMPATH\CodeIgniter.php(361): CodeIgniter\CodeIgniter->handleRequest(null, Object(Config\Cache), false)
 4 FCPATH\index.php(79): CodeIgniter\CodeIgniter->run()
 5 SYSTEMPATH\Commands\Server\rewrite.php(47): require_once('C:\\wamp64_2\\www\\generique\\public\\index.php')
INFO - 2023-12-07 17:42:19 --> Session: Class initialized using 'CodeIgniter\Session\Handlers\FileHandler' driver.
WARNING - 2023-12-07 17:42:27 --> [DEPRECATED] Creation of dynamic property App\Controllers\CustomerController::$customer is deprecated in APPPATH\Controllers\CustomerController.php on line 12.
 1 SYSTEMPATH\CodeIgniter.php(914): App\Controllers\CustomerController->__construct()
 2 SYSTEMPATH\CodeIgniter.php(493): CodeIgniter\CodeIgniter->createController()
 3 SYSTEMPATH\CodeIgniter.php(361): CodeIgniter\CodeIgniter->handleRequest(null, Object(Config\Cache), false)
 4 FCPATH\index.php(79): CodeIgniter\CodeIgniter->run()
 5 SYSTEMPATH\Commands\Server\rewrite.php(47): require_once('C:\\wamp64_2\\www\\generique\\public\\index.php')
INFO - 2023-12-07 17:42:27 --> Session: Class initialized using 'CodeIgniter\Session\Handlers\FileHandler' driver.
WARNING - 2023-12-07 17:42:34 --> [DEPRECATED] Creation of dynamic property App\Controllers\CustomerController::$customer is deprecated in APPPATH\Controllers\CustomerController.php on line 12.
 1 SYSTEMPATH\CodeIgniter.php(914): App\Controllers\CustomerController->__construct()
 2 SYSTEMPATH\CodeIgniter.php(493): CodeIgniter\CodeIgniter->createController()
 3 SYSTEMPATH\CodeIgniter.php(361): CodeIgniter\CodeIgniter->handleRequest(null, Object(Config\Cache), false)
 4 FCPATH\index.php(79): CodeIgniter\CodeIgniter->run()
 5 SYSTEMPATH\Commands\Server\rewrite.php(47): require_once('C:\\wamp64_2\\www\\generique\\public\\index.php')
WARNING - 2023-12-07 17:42:38 --> [DEPRECATED] Creation of dynamic property App\Controllers\CustomerController::$customer is deprecated in APPPATH\Controllers\CustomerController.php on line 12.
 1 SYSTEMPATH\CodeIgniter.php(914): App\Controllers\CustomerController->__construct()
 2 SYSTEMPATH\CodeIgniter.php(493): CodeIgniter\CodeIgniter->createController()
 3 SYSTEMPATH\CodeIgniter.php(361): CodeIgniter\CodeIgniter->handleRequest(null, Object(Config\Cache), false)
 4 FCPATH\index.php(79): CodeIgniter\CodeIgniter->run()
 5 SYSTEMPATH\Commands\Server\rewrite.php(47): require_once('C:\\wamp64_2\\www\\generique\\public\\index.php')
CRITICAL - 2023-12-07 17:42:38 --> There is no data to update.
in SYSTEMPATH\BaseModel.php on line 1726.
 1 SYSTEMPATH\BaseModel.php(1726): CodeIgniter\Database\Exceptions\DataException::forEmptyDataset('update')
 2 SYSTEMPATH\BaseModel.php(916): CodeIgniter\BaseModel->transformDataToArray(null, 'update')
 3 SYSTEMPATH\Model.php(776): CodeIgniter\BaseModel->update([...], null)
 4 APPPATH\Controllers\CustomerController.php(59): CodeIgniter\Model->update([...])
 5 SYSTEMPATH\CodeIgniter.php(942): App\Controllers\CustomerController->updateList()
 6 SYSTEMPATH\CodeIgniter.php(502): CodeIgniter\CodeIgniter->runController(Object(App\Controllers\CustomerController))
 7 SYSTEMPATH\CodeIgniter.php(361): CodeIgniter\CodeIgniter->handleRequest(null, Object(Config\Cache), false)
 8 FCPATH\index.php(79): CodeIgniter\CodeIgniter->run()
 9 SYSTEMPATH\Commands\Server\rewrite.php(47): require_once('C:\\wamp64_2\\www\\generique\\public\\index.php')
WARNING - 2023-12-07 17:44:41 --> [DEPRECATED] Creation of dynamic property App\Controllers\CustomerController::$customer is deprecated in APPPATH\Controllers\CustomerController.php on line 12.
 1 SYSTEMPATH\CodeIgniter.php(914): App\Controllers\CustomerController->__construct()
 2 SYSTEMPATH\CodeIgniter.php(493): CodeIgniter\CodeIgniter->createController()
 3 SYSTEMPATH\CodeIgniter.php(361): CodeIgniter\CodeIgniter->handleRequest(null, Object(Config\Cache), false)
 4 FCPATH\index.php(79): CodeIgniter\CodeIgniter->run()
 5 SYSTEMPATH\Commands\Server\rewrite.php(47): require_once('C:\\wamp64_2\\www\\generique\\public\\index.php')
INFO - 2023-12-07 17:44:42 --> Session: Class initialized using 'CodeIgniter\Session\Handlers\FileHandler' driver.
WARNING - 2023-12-07 17:44:50 --> [DEPRECATED] Creation of dynamic property App\Controllers\CustomerController::$customer is deprecated in APPPATH\Controllers\CustomerController.php on line 12.
 1 SYSTEMPATH\CodeIgniter.php(914): App\Controllers\CustomerController->__construct()
 2 SYSTEMPATH\CodeIgniter.php(493): CodeIgniter\CodeIgniter->createController()
 3 SYSTEMPATH\CodeIgniter.php(361): CodeIgniter\CodeIgniter->handleRequest(null, Object(Config\Cache), false)
 4 FCPATH\index.php(79): CodeIgniter\CodeIgniter->run()
 5 SYSTEMPATH\Commands\Server\rewrite.php(47): require_once('C:\\wamp64_2\\www\\generique\\public\\index.php')
WARNING - 2023-12-07 17:44:54 --> [DEPRECATED] Creation of dynamic property App\Controllers\CustomerController::$customer is deprecated in APPPATH\Controllers\CustomerController.php on line 12.
 1 SYSTEMPATH\CodeIgniter.php(914): App\Controllers\CustomerController->__construct()
 2 SYSTEMPATH\CodeIgniter.php(493): CodeIgniter\CodeIgniter->createController()
 3 SYSTEMPATH\CodeIgniter.php(361): CodeIgniter\CodeIgniter->handleRequest(null, Object(Config\Cache), false)
 4 FCPATH\index.php(79): CodeIgniter\CodeIgniter->run()
 5 SYSTEMPATH\Commands\Server\rewrite.php(47): require_once('C:\\wamp64_2\\www\\generique\\public\\index.php')
CRITICAL - 2023-12-07 17:44:54 --> There is no data to update.
in SYSTEMPATH\BaseModel.php on line 1726.
 1 SYSTEMPATH\BaseModel.php(1726): CodeIgniter\Database\Exceptions\DataException::forEmptyDataset('update')
 2 SYSTEMPATH\BaseModel.php(916): CodeIgniter\BaseModel->transformDataToArray(null, 'update')
 3 SYSTEMPATH\Model.php(776): CodeIgniter\BaseModel->update([...], null)
 4 APPPATH\Controllers\CustomerController.php(59): CodeIgniter\Model->update([...])
 5 SYSTEMPATH\CodeIgniter.php(942): App\Controllers\CustomerController->updateList()
 6 SYSTEMPATH\CodeIgniter.php(502): CodeIgniter\CodeIgniter->runController(Object(App\Controllers\CustomerController))
 7 SYSTEMPATH\CodeIgniter.php(361): CodeIgniter\CodeIgniter->handleRequest(null, Object(Config\Cache), false)
 8 FCPATH\index.php(79): CodeIgniter\CodeIgniter->run()
 9 SYSTEMPATH\Commands\Server\rewrite.php(47): require_once('C:\\wamp64_2\\www\\generique\\public\\index.php')
WARNING - 2023-12-07 17:46:50 --> [DEPRECATED] Creation of dynamic property App\Controllers\CustomerController::$customer is deprecated in APPPATH\Controllers\CustomerController.php on line 12.
 1 SYSTEMPATH\CodeIgniter.php(914): App\Controllers\CustomerController->__construct()
 2 SYSTEMPATH\CodeIgniter.php(493): CodeIgniter\CodeIgniter->createController()
 3 SYSTEMPATH\CodeIgniter.php(361): CodeIgniter\CodeIgniter->handleRequest(null, Object(Config\Cache), false)
 4 FCPATH\index.php(79): CodeIgniter\CodeIgniter->run()
 5 SYSTEMPATH\Commands\Server\rewrite.php(47): require_once('C:\\wamp64_2\\www\\generique\\public\\index.php')
INFO - 2023-12-07 17:46:50 --> Session: Class initialized using 'CodeIgniter\Session\Handlers\FileHandler' driver.
WARNING - 2023-12-07 17:46:53 --> [DEPRECATED] Creation of dynamic property App\Controllers\CustomerController::$customer is deprecated in APPPATH\Controllers\CustomerController.php on line 12.
 1 SYSTEMPATH\CodeIgniter.php(914): App\Controllers\CustomerController->__construct()
 2 SYSTEMPATH\CodeIgniter.php(493): CodeIgniter\CodeIgniter->createController()
 3 SYSTEMPATH\CodeIgniter.php(361): CodeIgniter\CodeIgniter->handleRequest(null, Object(Config\Cache), false)
 4 FCPATH\index.php(79): CodeIgniter\CodeIgniter->run()
 5 SYSTEMPATH\Commands\Server\rewrite.php(47): require_once('C:\\wamp64_2\\www\\generique\\public\\index.php')
INFO - 2023-12-07 17:46:53 --> Session: Class initialized using 'CodeIgniter\Session\Handlers\FileHandler' driver.
WARNING - 2023-12-07 17:47:01 --> [DEPRECATED] Creation of dynamic property App\Controllers\CustomerController::$customer is deprecated in APPPATH\Controllers\CustomerController.php on line 12.
 1 SYSTEMPATH\CodeIgniter.php(914): App\Controllers\CustomerController->__construct()
 2 SYSTEMPATH\CodeIgniter.php(493): CodeIgniter\CodeIgniter->createController()
 3 SYSTEMPATH\CodeIgniter.php(361): CodeIgniter\CodeIgniter->handleRequest(null, Object(Config\Cache), false)
 4 FCPATH\index.php(79): CodeIgniter\CodeIgniter->run()
 5 SYSTEMPATH\Commands\Server\rewrite.php(47): require_once('C:\\wamp64_2\\www\\generique\\public\\index.php')
WARNING - 2023-12-07 17:47:05 --> [DEPRECATED] Creation of dynamic property App\Controllers\CustomerController::$customer is deprecated in APPPATH\Controllers\CustomerController.php on line 12.
 1 SYSTEMPATH\CodeIgniter.php(914): App\Controllers\CustomerController->__construct()
 2 SYSTEMPATH\CodeIgniter.php(493): CodeIgniter\CodeIgniter->createController()
 3 SYSTEMPATH\CodeIgniter.php(361): CodeIgniter\CodeIgniter->handleRequest(null, Object(Config\Cache), false)
 4 FCPATH\index.php(79): CodeIgniter\CodeIgniter->run()
 5 SYSTEMPATH\Commands\Server\rewrite.php(47): require_once('C:\\wamp64_2\\www\\generique\\public\\index.php')
CRITICAL - 2023-12-07 17:47:05 --> There is no data to update.
in SYSTEMPATH\BaseModel.php on line 930.
 1 SYSTEMPATH\BaseModel.php(930): CodeIgniter\Database\Exceptions\DataException::forEmptyDataset('update')
 2 SYSTEMPATH\Model.php(776): CodeIgniter\BaseModel->update([...], [])
 3 APPPATH\Controllers\CustomerController.php(59): CodeIgniter\Model->update([...], [...])
 4 SYSTEMPATH\CodeIgniter.php(942): App\Controllers\CustomerController->updateList()
 5 SYSTEMPATH\CodeIgniter.php(502): CodeIgniter\CodeIgniter->runController(Object(App\Controllers\CustomerController))
 6 SYSTEMPATH\CodeIgniter.php(361): CodeIgniter\CodeIgniter->handleRequest(null, Object(Config\Cache), false)
 7 FCPATH\index.php(79): CodeIgniter\CodeIgniter->run()
 8 SYSTEMPATH\Commands\Server\rewrite.php(47): require_once('C:\\wamp64_2\\www\\generique\\public\\index.php')
